* input data: env at 0x43000000, 3827 bytes. [+29925]
* strings at 0x80000010, environ[63] at 0x80000f10. [+32376]
* heap at 0x80000000, 10737418240 bytes. [+513]
* input data: fibre at 0x80001140, 32 bytes. [+2429]
* input data: slr vars at 0x80001118, 16 bytes. [+1099]
* connected to I/O, 16 devices, 8 notification channels. [+911]
* smc at 0x4e000000, enumerates 15 devices. [+632]
* I/O enumeration data at 0x10000000. [+1388]
* uart at 0x44000000. [+1413]
* rpc interface at 0x45000000. [+614]
* lcd at 0x46000000, size 80x25. [+505]
* lcd at 0x47000000, size 16x2. [+387]
* rtc at 0x48000000. [+368]
* gfxctl at 0x49000000, framebuffer at 0x4a000000. [+722]
* argument ROM at 0x4c000000. [+886]
* configuration ROM at 0x4d000000. [+581]
* input data: arguments at 0x80001168, argv[2] at 0x800011a8, 53 bytes. [+3530]
* reading configuration...
  - core frequency: 1000MHz.
  - 256 thread and 32 family entries per core.
  - system version: 3.2.61-d2aa8.
  - master frequency: 1000MHz.
  done. [+243197]
* SEP init: setting up for 128 cores...  done. [+1799]
* allocating places for the C stdlib... success: stdio at 0x103, malloc at 0x105, dtoa at 0x107 [+2407]
* -n 1 -> request to SEP... success, t_main goes to pid=0x109 [+9236]
* init compiled with slc 3.7b.40-c437a2.

Microgrid says:  h e l l o  w o r l d !

init done, program will start now; core cycles so far: 341492
Program from config ./cfg/bulksec.cfg
Returning from Loader main

<Clocks>3,65,1,2331058,18774,1526399,1526471</Clocks>

<Clocks>4,66,1,2365185,18972,1526598,1526697</Clocks>

<Clocks>5,67,1,2399309,18794,1526417,1526515</Clocks>

<Clocks>6,68,1,2433155,18727,1526351,1526425</Clocks>

<Clocks>7,69,1,2466914,18654,1526279,1526361</Clocks>

<Clocks>8,70,1,2500627,18659,1526284,1526386</Clocks>

<Clocks>9,71,1,2534368,18659,1526285,1526389</Clocks>

<Clocks>10,72,1,2568109,18737,1526361,1526435</Clocks>

<Clocks>11,73,1,2601921,18707,1526335,1526410</Clocks>

<Clocks>12,74,1,2635738,18773,1526397,1526496</Clocks>

<Clocks>13,75,1,2669640,18788,1526416,1526515</Clocks>

<Clocks>14,76,1,2703535,18758,1526382,1526456</Clocks>

<Clocks>15,77,1,2737403,18703,1526329,1526403</Clocks>

<Clocks>16,78,1,2771201,18711,1526339,1526439</Clocks>

<Clocks>17,79,1,2805057,18784,1526409,1526507</Clocks>

<Clocks>18,80,1,2838936,18761,1526388,1526461</Clocks>

<Clocks>19,81,1,2872792,18669,1526296,1526369</Clocks>

<Clocks>20,82,1,2906556,18676,1526300,1526400</Clocks>

<Clocks>21,83,1,2940435,18825,1526454,1526554</Clocks>

<Clocks>22,84,1,2974364,18731,1526355,1526430</Clocks>

<Clocks>23,85,1,3008234,18727,1526359,1526430</Clocks>

<Clocks>24,86,1,3042067,18740,1526364,1526462</Clocks>

<Clocks>25,87,1,3075972,18737,1526361,1526463</Clocks>

<Clocks>26,88,1,3109851,18786,1526413,1526486</Clocks>

<Clocks>27,89,1,3143824,18784,1526411,1526484</Clocks>

<Clocks>28,90,1,3177818,18781,1526405,1526508</Clocks>

<Clocks>29,91,1,3211838,18850,1526476,1526575</Clocks>

<Clocks>30,92,1,3245875,18804,1526433,1526507</Clocks>

<Clocks>31,93,1,3279846,18781,1526409,1526480</Clocks>

<Clocks>32,94,1,3313808,18770,1526402,1526501</Clocks>

<Clocks>33,95,1,3347801,18796,1526423,1526524</Clocks>

<Clocks>34,96,1,3381818,18793,1526436,1526511</Clocks>

<Clocks>35,97,1,3415835,18737,1526368,1526442</Clocks>

<Clocks>36,98,1,3449783,18765,1526390,1526488</Clocks>

<Clocks>37,99,1,3483808,18816,1526451,1526553</Clocks>

<Clocks>38,100,1,3517850,18819,1526446,1526524</Clocks>

<Clocks>39,101,1,3551888,18770,1526402,1526480</Clocks>

<Clocks>40,102,1,3585882,18821,1526448,1526554</Clocks>

<Clocks>41,103,1,3619991,18844,1526476,1526572</Clocks>

<Clocks>42,104,1,3654167,18777,1526408,1526482</Clocks>

<Clocks>43,105,1,3688271,18869,1526511,1526582</Clocks>

<Clocks>44,106,1,3722477,18841,1526473,1526574</Clocks>

<Clocks>45,107,1,3756636,18888,1526522,1526618</Clocks>

<Clocks>46,108,1,3790851,18846,1526485,1526556</Clocks>

<Clocks>2,109,1,3824995,18834,1526473,1526545</Clocks>

<Clocks>47,110,1,3859153,18831,1526470,1526541</Clocks>

<Clocks>3,111,1,3893293,18846,1526478,1526552</Clocks>

<Clocks>4,112,1,3927415,18861,1526495,1526592</Clocks>

<Clocks>5,113,1,3961592,18939,1526568,1526664</Clocks>

<Clocks>6,114,1,3995895,18898,1526532,1526603</Clocks>

<Clocks>7,115,1,4030168,18849,1526483,1526559</Clocks>

<Clocks>8,116,1,4064364,18808,1526435,1526542</Clocks>

<Clocks>9,117,1,4098518,18809,1526435,1526535</Clocks>

<Clocks>10,118,1,4132674,18892,1526516,1526587</Clocks>

<Clocks>11,119,1,4166922,18896,1526528,1526603</Clocks>

<Clocks>12,120,1,4201168,18920,1526552,1526656</Clocks>

<Clocks>13,121,1,4235460,18855,1526489,1526589</Clocks>

<Clocks>14,122,1,4269661,18855,1526484,1526559</Clocks>

<Clocks>15,123,1,4303877,18863,1526492,1526567</Clocks>

<Clocks>16,124,1,4338032,18817,1526454,1526554</Clocks>

<Clocks>17,125,1,4372135,18935,1526567,1526671</Clocks>

<Clocks>18,126,1,4406379,18918,1526547,1526622</Clocks>

<Clocks>19,127,1,4440597,18831,1526461,1526536</Clocks>

<Clocks>20,64,1,4474708,18785,1526350,1526404</Clocks>

<Clocks>21,65,1,4508784,18914,1526466,1526520</Clocks>

<Clocks>22,66,1,4542981,18822,1526373,1526402</Clocks>

<Clocks>23,67,1,4577090,18822,1526373,1526402</Clocks>

<Clocks>24,68,1,4611155,18843,1526409,1526463</Clocks>

<Clocks>25,69,1,4645260,18801,1526359,1526413</Clocks>

<Clocks>26,70,1,4679325,18826,1526381,1526410</Clocks>

<Clocks>27,71,1,4713480,18849,1526403,1526432</Clocks>

<Clocks>28,72,1,4747656,18851,1526408,1526466</Clocks>

<Clocks>29,73,1,4781840,18868,1526423,1526480</Clocks>

<Clocks>30,74,1,4816042,18798,1526356,1526385</Clocks>

<Clocks>31,75,1,4850220,18867,1526419,1526448</Clocks>

<Clocks>32,76,1,4884404,18838,1526401,1526455</Clocks>

<Clocks>33,77,1,4918575,18891,1526449,1526503</Clocks>

<Clocks>34,78,1,4952754,18867,1526425,1526454</Clocks>

<Clocks>35,79,1,4986949,18862,1526427,1526456</Clocks>

<Clocks>36,80,1,5021127,18896,1526454,1526513</Clocks>

<Clocks>37,81,1,5055333,18960,1526521,1526575</Clocks>

<Clocks>38,82,1,5089607,18933,1526488,1526517</Clocks>

<Clocks>39,83,1,5123828,18828,1526387,1526416</Clocks>

<Clocks>40,84,1,5157914,18874,1526431,1526485</Clocks>

<Clocks>41,85,1,5192081,18908,1526466,1526520</Clocks>

<Clocks>42,86,1,5226293,18851,1526412,1526441</Clocks>

<Clocks>43,87,1,5260471,18920,1526476,1526505</Clocks>

<Clocks>44,88,1,5294672,18920,1526475,1526531</Clocks>

<Clocks>45,89,1,5328826,18921,1526482,1526536</Clocks>

<Clocks>46,90,1,5362998,18835,1526394,1526423</Clocks>

<Clocks>2,91,1,5397209,18894,1526451,1526480</Clocks>

<Clocks>47,92,1,5431384,18874,1526430,1526459</Clocks>

<Clocks>3,93,1,5465541,18872,1526434,1526463</Clocks>

<Clocks>4,94,1,5499661,18861,1526421,1526475</Clocks>

<Clocks>5,95,1,5533780,18966,1526526,1526580</Clocks>

<Clocks>6,96,1,5568034,18923,1526474,1526503</Clocks>

<Clocks>7,97,1,5602263,18885,1526442,1526471</Clocks>

<Clocks>8,98,1,5636452,18897,1526458,1526512</Clocks>

<Clocks>9,99,1,5670629,18849,1526402,1526461</Clocks>

<Clocks>10,100,1,5704762,18864,1526424,1526453</Clocks>

<Clocks>11,101,1,5738874,18838,1526397,1526426</Clocks>

<Clocks>12,102,1,5772934,18841,1526400,1526454</Clocks>

<Clocks>13,103,1,5807065,18843,1526399,1526453</Clocks>

<Clocks>14,104,1,5841154,18817,1526371,1526400</Clocks>

<Clocks>15,105,1,5875210,18754,1526307,1526336</Clocks>

<Clocks>16,106,1,5909204,18780,1526337,1526391</Clocks>

<Clocks>17,107,1,5943272,18933,1526488,1526542</Clocks>

<Clocks>18,108,1,5977473,18910,1526466,1526495</Clocks>

<Clocks>19,109,1,6011669,18824,1526382,1526411</Clocks>

<Clocks>20,110,1,6045779,18823,1526381,1526435</Clocks>

<Clocks>21,111,1,6079934,18939,1526496,1526550</Clocks>

<Clocks>22,112,1,6114136,18775,1526334,1526363</Clocks>

<Clocks>23,113,1,6148197,18800,1526358,1526387</Clocks>

<Clocks>24,114,1,6182250,18807,1526358,1526417</Clocks>

<Clocks>25,115,1,6216290,18853,1526406,1526460</Clocks>

<Clocks>26,116,1,6250377,18885,1526440,1526469</Clocks>

<Clocks>27,117,1,6284487,18838,1526393,1526422</Clocks>

<Clocks>28,118,1,6318573,18851,1526413,1526467</Clocks>

<Clocks>29,119,1,6352715,18867,1526428,1526486</Clocks>

<Clocks>30,120,1,6386847,18798,1526356,1526385</Clocks>

<Clocks>31,121,1,6420911,18829,1526387,1526416</Clocks>

<Clocks>32,122,1,6454998,18842,1526402,1526456</Clocks>

<Clocks>33,123,1,6489197,18993,1526554,1526608</Clocks>

<Clocks>34,124,1,6523469,18888,1526450,1526479</Clocks>

<Clocks>35,125,1,6557645,18841,1526396,1526425</Clocks>

<Clocks>36,126,1,6591731,18879,1526437,1526493</Clocks>

<Clocks>37,127,1,6625899,18920,1526474,1526532</Clocks>

<Clocks>38,64,1,6660069,18813,1526367,1526396</Clocks>

<Clocks>39,65,1,6694155,18836,1526393,1526422</Clocks>

<Clocks>40,66,1,6728236,18832,1526387,1526441</Clocks>

<Clocks>41,67,1,6762391,18855,1526420,1526477</Clocks>

<Clocks>42,68,1,6796500,18763,1526318,1526347</Clocks>

<Clocks>43,69,1,6830517,18832,1526390,1526419</Clocks>

<Clocks>44,70,1,6864603,18816,1526368,1526426</Clocks>

<Clocks>45,71,1,6898695,18849,1526401,1526456</Clocks>

<Clocks>46,72,1,6932799,18785,1526342,1526371</Clocks>

<Clocks>2,73,1,6966861,18763,1526321,1526350</Clocks>

<Clocks>47,74,1,7000915,18772,1526330,1526359</Clocks>

<Clocks>3,75,1,7034990,18829,1526385,1526414</Clocks>

<Clocks>4,76,1,7069073,18818,1526374,1526428</Clocks>

<Clocks>5,77,1,7103182,18933,1526493,1526547</Clocks>

<Clocks>6,78,1,7137429,18901,1526456,1526485</Clocks>

<Clocks>7,79,1,7171610,18827,1526383,1526413</Clocks>

<Clocks>8,80,1,7205716,18807,1526363,1526417</Clocks>

<Clocks>9,81,1,7239802,18807,1526365,1526419</Clocks>

<Clocks>10,82,1,7273873,18870,1526426,1526455</Clocks>

<Clocks>11,83,1,7307981,18871,1526430,1526459</Clocks>

<Clocks>12,84,1,7342061,18900,1526457,1526511</Clocks>

<Clocks>13,85,1,7376229,18910,1526467,1526521</Clocks>

<Clocks>14,86,1,7410400,18894,1526452,1526481</Clocks>

<Clocks>15,87,1,7444578,18848,1526406,1526435</Clocks>

<Clocks>16,88,1,7478715,18867,1526424,1526481</Clocks>

<Clocks>17,89,1,7512871,18911,1526469,1526523</Clocks>

<Clocks>18,90,1,7547027,18910,1526468,1526497</Clocks>

<Clocks>19,91,1,7581204,18819,1526376,1526405</Clocks>

<Clocks>20,92,1,7615267,18800,1526360,1526417</Clocks>

<Clocks>21,93,1,7649329,18877,1526431,1526485</Clocks>

<Clocks>22,94,1,7683490,18811,1526372,1526401</Clocks>

<Clocks>23,95,1,7717617,18846,1526414,1526443</Clocks>

<Clocks>24,96,1,7751772,18823,1526382,1526442</Clocks>

<Clocks>25,97,1,7785903,18801,1526365,1526420</Clocks>

<Clocks>26,98,1,7820029,18839,1526394,1526423</Clocks>

<Clocks>27,99,1,7854170,18899,1526457,1526486</Clocks>

<Clocks>28,100,1,7888362,18900,1526460,1526517</Clocks>

<Clocks>29,101,1,7922589,18874,1526432,1526486</Clocks>

<Clocks>30,102,1,7956764,18808,1526374,1526403</Clocks>

<Clocks>31,103,1,7990875,18867,1526429,1526458</Clocks>

<Clocks>32,104,1,8025012,18812,1526369,1526423</Clocks>

<Clocks>33,105,1,8059098,18868,1526427,1526481</Clocks>

<Clocks>34,106,1,8093207,18801,1526362,1526391</Clocks>

<Clocks>35,107,1,8127317,18811,1526376,1526405</Clocks>

<Clocks>36,108,1,8161356,18799,1526354,1526408</Clocks>

<Clocks>37,109,1,8195395,18813,1526365,1526419</Clocks>

<Clocks>38,110,1,8229436,18824,1526393,1526422</Clocks>

<Clocks>39,111,1,8263568,18789,1526341,1526370</Clocks>

<Clocks>40,112,1,8297585,18801,1526364,1526418</Clocks>

<Clocks>41,113,1,8331670,18848,1526413,1526469</Clocks>

<Clocks>42,114,1,8365816,18806,1526362,1526391</Clocks>

<Clocks>43,115,1,8399926,18966,1526518,1526547</Clocks>

<Clocks>44,116,1,8434159,18865,1526417,1526471</Clocks>

<Clocks>45,117,1,8468293,18863,1526422,1526476</Clocks>

<Clocks>46,118,1,8502375,18775,1526337,1526366</Clocks>

<Clocks>2,119,1,8536436,18837,1526395,1526424</Clocks>

<Clocks>47,120,1,8570614,18837,1526395,1526424</Clocks>

<Clocks>3,121,1,8604748,18835,1526391,1526420</Clocks>

<Clocks>4,122,1,8638837,18786,1526346,1526400</Clocks>

<Clocks>5,123,1,8672970,18866,1526424,1526481</Clocks>

<Clocks>6,124,1,8707169,18842,1526404,1526433</Clocks>

<Clocks>7,125,1,8741280,18761,1526315,1526344</Clocks>

<Clocks>8,126,1,8775306,18752,1526312,1526366</Clocks>

<Clocks>9,127,1,8809357,18810,1526364,1526421</Clocks>

<Clocks>10,64,1,8843433,18889,1526443,1526472</Clocks>

<Clocks>11,65,1,8877586,18868,1526420,1526449</Clocks>

<Clocks>12,66,1,8911709,18877,1526434,1526489</Clocks>

<Clocks>13,67,1,8945927,18849,1526407,1526461</Clocks>

<Clocks>14,68,1,8980019,18843,1526404,1526433</Clocks>

<Clocks>15,69,1,9014105,18797,1526353,1526382</Clocks>

<Clocks>16,70,1,9048184,18832,1526387,1526441</Clocks>

<Clocks>17,71,1,9082323,18937,1526492,1526546</Clocks>

<Clocks>18,72,1,9116525,18890,1526444,1526473</Clocks>

<Clocks>19,73,1,9150676,18802,1526360,1526389</Clocks>

<Clocks>20,74,1,9184718,18777,1526334,1526388</Clocks>

<Clocks>21,75,1,9218804,18961,1526519,1526577</Clocks>

<Clocks>22,76,1,9253050,18824,1526384,1526413</Clocks>

<Clocks>23,77,1,9287207,18822,1526380,1526409</Clocks>

<Clocks>24,78,1,9321312,18815,1526373,1526427</Clocks>

<Clocks>25,79,1,9355402,18765,1526316,1526370</Clocks>

<Clocks>26,80,1,9389420,18810,1526361,1526390</Clocks>

<Clocks>27,81,1,9423505,18834,1526389,1526418</Clocks>

<Clocks>28,82,1,9457636,18812,1526367,1526421</Clocks>

<Clocks>29,83,1,9491788,18815,1526366,1526420</Clocks>

<Clocks>30,84,1,9525835,18762,1526313,1526342</Clocks>

<Clocks>31,85,1,9559828,18832,1526389,1526418</Clocks>

<Clocks>32,86,1,9593891,18809,1526366,1526423</Clocks>

<Clocks>33,87,1,9627995,18911,1526471,1526525</Clocks>

<Clocks>34,88,1,9662154,18856,1526412,1526441</Clocks>

<Clocks>35,89,1,9696263,18833,1526388,1526417</Clocks>

<Clocks>36,90,1,9730326,18865,1526424,1526478</Clocks>

<Clocks>37,91,1,9764468,18892,1526446,1526500</Clocks>

<Clocks>38,92,1,9798590,18833,1526389,1526418</Clocks>

<Clocks>39,93,1,9832664,18797,1526353,1526382</Clocks>

<Clocks>40,94,1,9866727,18814,1526369,1526423</Clocks>

<Clocks>41,95,1,9900838,18835,1526401,1526458</Clocks>

<Clocks>42,96,1,9934951,18779,1526334,1526363</Clocks>

<Clocks>43,97,1,9968951,18848,1526402,1526431</Clocks>

<Clocks>44,98,1,10003077,18834,1526385,1526441</Clocks>

<Clocks>45,99,1,10037183,18906,1526465,1526521</Clocks>

<Clocks>46,100,1,10071333,18862,1526421,1526450</Clocks>

<Clocks>2,101,1,10105516,18880,1526448,1526477</Clocks>

<Clocks>47,102,1,10139672,18855,1526438,1526467</Clocks>

<Clocks>3,103,1,10173808,18828,1526383,1526412</Clocks>

<Clocks>4,104,1,10207869,18830,1526385,1526441</Clocks>

<Clocks>5,105,1,10241929,18884,1526441,1526495</Clocks>

<Clocks>6,106,1,10276084,18860,1526415,1526444</Clocks>

<Clocks>7,107,1,10310176,18831,1526390,1526419</Clocks>

<Clocks>8,108,1,10344234,18832,1526387,1526441</Clocks>

<Clocks>9,109,1,10378298,18831,1526383,1526437</Clocks>

<Clocks>10,110,1,10412321,18894,1526446,1526475</Clocks>

<Clocks>11,111,1,10446468,18837,1526388,1526417</Clocks>

<Clocks>12,112,1,10480514,18873,1526427,1526481</Clocks>

<Clocks>13,113,1,10514603,18852,1526412,1526466</Clocks>

<Clocks>14,114,1,10548663,18855,1526414,1526443</Clocks>

<Clocks>15,115,1,10582749,18816,1526377,1526406</Clocks>

<Clocks>16,116,1,10616770,18812,1526372,1526426</Clocks>

<Clocks>17,117,1,10650832,18882,1526439,1526493</Clocks>

<Clocks>18,118,1,10684920,18880,1526437,1526466</Clocks>

<Clocks>19,119,1,10719073,18856,1526415,1526444</Clocks>

<Clocks>20,120,1,10753136,18767,1526334,1526388</Clocks>

<Clocks>21,121,1,10787153,18902,1526459,1526513</Clocks>

<Clocks>22,122,1,10821244,18785,1526342,1526371</Clocks>

<Clocks>23,123,1,10855326,18809,1526368,1526397</Clocks>

<Clocks>24,124,1,10889344,18808,1526371,1526425</Clocks>

<Clocks>25,125,1,10923336,18744,1526301,1526355</Clocks>

<Clocks>26,126,1,10957284,18790,1526347,1526376</Clocks>

<Clocks>27,127,1,10991318,18841,1526402,1526431</Clocks>

<Clocks>28,64,1,11025389,18854,1526413,1526467</Clocks>
### begin end-of-simulation statistics
12565114	# master cycle counter
12565114	# core cycle counter
122733945	# total executed instructions
0	# total issued fp instructions
## core statistics:
# P  iops      flops     lds       sts       ibytes    obytes    regf_act plbusy    plstgs    plstgrun  pl%busy  pl%eff   ttmax     ttotal    ttsize    tt%occ   ftmax     ftotal    ftsize    ft%occ   xqmax     xqtot     xqavg        
# per-core values
0    1372181   0         207809    310696    1201175   1466866   1.3      2846915   6         9257283   54.2     10.9     2         5168017   256       0.2      2         5696676   32        1.4      1         11024979  8.774277e-01 
1    867733    0         134061    84232     785419    453185    0.0      1769748   6         5596451   52.7     6.9      1         3155927   256       0.1      1         3172562   32        0.8      1         12552014  9.989575e-01 
2    104712    0         22365     6642      73795     53112     0.0      254110    6         696983    45.7     0.8      1         290502    256       0.0      1         334435    32        0.1      1         12564218  9.999287e-01 
3    9038      0         1290      2064      7224      10320     0.0      18575     6         59541     53.4     0.1      1         35218     256       0.0      1         57128     32        0.0      1         12565050  9.999949e-01 
5    2429021   0         353400    385002    2311646   1896531   0.5      5051767   6         15281996  50.4     19.3     1         8765589   256       0.3      1         8765658   32        2.2      0         0         0.000000e+00 
64   2294663   0         983181    327821    7865356   2622508   0.0      6883171   6         15407058  37.3     18.3     1         7591779   256       0.2      1         7592043   32        1.9      0         0         0.000000e+00 
65   1835819   0         786556    262276    6292368   2098148   0.0      5506720   6         12326241  37.3     14.6     1         6084513   256       0.2      1         6084729   32        1.5      0         0         0.000000e+00 
66   1835819   0         786556    262276    6292368   2098148   0.0      5506744   6         12326277  37.3     14.6     1         6084412   256       0.2      1         6084625   32        1.5      0         0         0.000000e+00 
67   1835819   0         786556    262276    6292368   2098148   0.0      5506736   6         12326259  37.3     14.6     1         6084445   256       0.2      1         6084666   32        1.5      0         0         0.000000e+00 
68   1835819   0         786556    262276    6292368   2098148   0.0      5506728   6         12326250  37.3     14.6     1         6084438   256       0.2      1         6084652   32        1.5      0         0         0.000000e+00 
69   1835819   0         786556    262276    6292368   2098148   0.0      5506721   6         12326241  37.3     14.6     1         6084449   256       0.2      1         6084664   32        1.5      0         0         0.000000e+00 
70   1835819   0         786556    262276    6292368   2098148   0.0      5506747   6         12326277  37.3     14.6     1         6084468   256       0.2      1         6084682   32        1.5      0         0         0.000000e+00 
71   1835819   0         786556    262276    6292368   2098148   0.0      5506735   6         12326259  37.3     14.6     1         6084362   256       0.2      1         6084576   32        1.5      0         0         0.000000e+00 
72   1835819   0         786556    262276    6292368   2098148   0.0      5506730   6         12326250  37.3     14.6     1         6084314   256       0.2      1         6084528   32        1.5      0         0         0.000000e+00 
73   1835819   0         786556    262276    6292368   2098148   0.0      5506721   6         12326241  37.3     14.6     1         6084457   256       0.2      1         6084671   32        1.5      0         0         0.000000e+00 
74   1835819   0         786556    262276    6292368   2098148   0.0      5506733   6         12326259  37.3     14.6     1         6084317   256       0.2      1         6084531   32        1.5      0         0         0.000000e+00 
75   1835819   0         786556    262276    6292368   2098148   0.0      5506730   6         12326250  37.3     14.6     1         6084269   256       0.2      1         6084483   32        1.5      0         0         0.000000e+00 
76   1835819   0         786556    262276    6292368   2098148   0.0      5506746   6         12326277  37.3     14.6     1         6084367   256       0.2      1         6084584   32        1.5      0         0         0.000000e+00 
77   1835819   0         786556    262276    6292368   2098148   0.0      5506727   6         12326250  37.3     14.6     1         6084341   256       0.2      1         6084557   32        1.5      0         0         0.000000e+00 
78   1835819   0         786556    262276    6292368   2098148   0.0      5506740   6         12326268  37.3     14.6     1         6084302   256       0.2      1         6084519   32        1.5      0         0         0.000000e+00 
79   1835819   0         786556    262276    6292368   2098148   0.0      5506728   6         12326250  37.3     14.6     1         6084258   256       0.2      1         6084475   32        1.5      0         0         0.000000e+00 
80   1835819   0         786556    262276    6292368   2098148   0.0      5506745   6         12326277  37.3     14.6     1         6084417   256       0.2      1         6084634   32        1.5      0         0         0.000000e+00 
81   1835819   0         786556    262276    6292368   2098148   0.0      5506727   6         12326250  37.3     14.6     1         6084311   256       0.2      1         6084528   32        1.5      0         0         0.000000e+00 
82   1835819   0         786556    262276    6292368   2098148   0.0      5506733   6         12326259  37.3     14.6     1         6084337   256       0.2      1         6084552   32        1.5      0         0         0.000000e+00 
83   1835819   0         786556    262276    6292368   2098148   0.0      5506729   6         12326250  37.3     14.6     1         6084328   256       0.2      1         6084550   32        1.5      0         0         0.000000e+00 
84   1835819   0         786556    262276    6292368   2098148   0.0      5506740   6         12326268  37.3     14.6     1         6084367   256       0.2      1         6084585   32        1.5      0         0         0.000000e+00 
85   1835819   0         786556    262276    6292368   2098148   0.0      5506728   6         12326250  37.3     14.6     1         6084286   256       0.2      1         6084505   32        1.5      0         0         0.000000e+00 
86   1835819   0         786556    262276    6292368   2098148   0.0      5506734   6         12326259  37.3     14.6     1         6084333   256       0.2      1         6084553   32        1.5      0         0         0.000000e+00 
87   1835819   0         786556    262276    6292368   2098148   0.0      5506727   6         12326250  37.3     14.6     1         6084315   256       0.2      1         6084538   32        1.5      0         0         0.000000e+00 
88   1835819   0         786556    262276    6292368   2098148   0.0      5506741   6         12326268  37.3     14.6     1         6084485   256       0.2      1         6084701   32        1.5      0         0         0.000000e+00 
89   1835819   0         786556    262276    6292368   2098148   0.0      5506729   6         12326250  37.3     14.6     1         6084253   256       0.2      1         6084469   32        1.5      0         0         0.000000e+00 
90   1835819   0         786556    262276    6292368   2098148   0.0      5506733   6         12326259  37.3     14.6     1         6084271   256       0.2      1         6084489   32        1.5      0         0         0.000000e+00 
91   1835819   0         786556    262276    6292368   2098148   0.0      5506731   6         12326250  37.3     14.6     1         6084329   256       0.2      1         6084545   32        1.5      0         0         0.000000e+00 
92   1835819   0         786556    262276    6292368   2098148   0.0      5506729   6         12326250  37.3     14.6     1         6084259   256       0.2      1         6084475   32        1.5      0         0         0.000000e+00 
93   1835819   0         786556    262276    6292368   2098148   0.0      5506720   6         12326241  37.3     14.6     1         6084283   256       0.2      1         6084499   32        1.5      0         0         0.000000e+00 
94   1835819   0         786556    262276    6292368   2098148   0.0      5506745   6         12326277  37.3     14.6     1         6084383   256       0.2      1         6084600   32        1.5      0         0         0.000000e+00 
95   1835819   0         786556    262276    6292368   2098148   0.0      5506736   6         12326259  37.3     14.6     1         6084406   256       0.2      1         6084631   32        1.5      0         0         0.000000e+00 
96   1835819   0         786556    262276    6292368   2098148   0.0      5506728   6         12326250  37.3     14.6     1         6084367   256       0.2      1         6084588   32        1.5      0         0         0.000000e+00 
97   1835819   0         786556    262276    6292368   2098148   0.0      5506720   6         12326241  37.3     14.6     1         6084330   256       0.2      1         6084547   32        1.5      0         0         0.000000e+00 
98   1835819   0         786556    262276    6292368   2098148   0.0      5506746   6         12326277  37.3     14.6     1         6084300   256       0.2      1         6084513   32        1.5      0         0         0.000000e+00 
99   1835819   0         786556    262276    6292368   2098148   0.0      5506736   6         12326259  37.3     14.6     1         6084398   256       0.2      1         6084618   32        1.5      0         0         0.000000e+00 
100  1835819   0         786556    262276    6292368   2098148   0.0      5506730   6         12326250  37.3     14.6     1         6084482   256       0.2      1         6084699   32        1.5      0         0         0.000000e+00 
101  1835819   0         786556    262276    6292368   2098148   0.0      5506721   6         12326241  37.3     14.6     1         6084468   256       0.2      1         6084688   32        1.5      0         0         0.000000e+00 
102  1835819   0         786556    262276    6292368   2098148   0.0      5506738   6         12326268  37.3     14.6     1         6084473   256       0.2      1         6084690   32        1.5      0         0         0.000000e+00 
103  1835819   0         786556    262276    6292368   2098148   0.0      5506728   6         12326250  37.3     14.6     1         6084532   256       0.2      1         6084749   32        1.5      0         0         0.000000e+00 
104  1835819   0         786556    262276    6292368   2098148   0.0      5506739   6         12326268  37.3     14.6     1         6084472   256       0.2      1         6084688   32        1.5      0         0         0.000000e+00 
105  1835819   0         786556    262276    6292368   2098148   0.0      5506731   6         12326250  37.3     14.6     1         6084532   256       0.2      1         6084753   32        1.5      0         0         0.000000e+00 
106  1835819   0         786556    262276    6292368   2098148   0.0      5506734   6         12326259  37.3     14.6     1         6084568   256       0.2      1         6084788   32        1.5      0         0         0.000000e+00 
107  1835819   0         786556    262276    6292368   2098148   0.0      5506727   6         12326250  37.3     14.6     1         6084726   256       0.2      1         6084942   32        1.5      0         0         0.000000e+00 
108  1835819   0         786556    262276    6292368   2098148   0.0      5506739   6         12326268  37.3     14.6     1         6084617   256       0.2      1         6084835   32        1.5      0         0         0.000000e+00 
109  1835819   0         786556    262276    6292368   2098148   0.0      5506730   6         12326250  37.3     14.6     1         6084541   256       0.2      1         6084760   32        1.5      0         0         0.000000e+00 
110  1835819   0         786556    262276    6292368   2098148   0.0      5506729   6         12326250  37.3     14.6     1         6084506   256       0.2      1         6084728   32        1.5      0         0         0.000000e+00 
111  1835819   0         786556    262276    6292368   2098148   0.0      5506721   6         12326241  37.3     14.6     1         6084465   256       0.2      1         6084684   32        1.5      0         0         0.000000e+00 
112  1835819   0         786556    262276    6292368   2098148   0.0      5506747   6         12326277  37.3     14.6     1         6084577   256       0.2      1         6084796   32        1.5      0         0         0.000000e+00 
113  1835819   0         786556    262276    6292368   2098148   0.0      5506735   6         12326259  37.3     14.6     1         6084564   256       0.2      1         6084788   32        1.5      0         0         0.000000e+00 
114  1835819   0         786556    262276    6292368   2098148   0.0      5506728   6         12326250  37.3     14.6     1         6084519   256       0.2      1         6084738   32        1.5      0         0         0.000000e+00 
115  1835819   0         786556    262276    6292368   2098148   0.0      5506721   6         12326241  37.3     14.6     1         6084335   256       0.2      1         6084554   32        1.5      0         0         0.000000e+00 
116  1835819   0         786556    262276    6292368   2098148   0.0      5506747   6         12326277  37.3     14.6     1         6084500   256       0.2      1         6084719   32        1.5      0         0         0.000000e+00 
117  1835819   0         786556    262276    6292368   2098148   0.0      5506735   6         12326259  37.3     14.6     1         6084464   256       0.2      1         6084683   32        1.5      0         0         0.000000e+00 
118  1835819   0         786556    262276    6292368   2098148   0.0      5506728   6         12326250  37.3     14.6     1         6084534   256       0.2      1         6084752   32        1.5      0         0         0.000000e+00 
119  1835819   0         786556    262276    6292368   2098148   0.0      5506721   6         12326241  37.3     14.6     1         6084407   256       0.2      1         6084628   32        1.5      0         0         0.000000e+00 
120  1835819   0         786556    262276    6292368   2098148   0.0      5506733   6         12326259  37.3     14.6     1         6084420   256       0.2      1         6084644   32        1.5      0         0         0.000000e+00 
121  1835819   0         786556    262276    6292368   2098148   0.0      5506729   6         12326250  37.3     14.6     1         6084385   256       0.2      1         6084606   32        1.5      0         0         0.000000e+00 
122  1835819   0         786556    262276    6292368   2098148   0.0      5506740   6         12326268  37.3     14.6     1         6084508   256       0.2      1         6084727   32        1.5      0         0         0.000000e+00 
123  1835819   0         786556    262276    6292368   2098148   0.0      5506727   6         12326250  37.3     14.6     1         6084369   256       0.2      1         6084589   32        1.5      0         0         0.000000e+00 
124  1835819   0         786556    262276    6292368   2098148   0.0      5506733   6         12326259  37.3     14.6     1         6084394   256       0.2      1         6084607   32        1.5      0         0         0.000000e+00 
125  1835819   0         786556    262276    6292368   2098148   0.0      5506727   6         12326250  37.3     14.6     1         6084378   256       0.2      1         6084597   32        1.5      0         0         0.000000e+00 
126  1835819   0         786556    262276    6292368   2098148   0.0      5506739   6         12326268  37.3     14.6     1         6084447   256       0.2      1         6084663   32        1.5      0         0         0.000000e+00 
127  1835819   0         786556    262276    6292368   2098148   0.0      5506728   6         12326250  37.3     14.6     1         6084442   256       0.2      1         6084662   32        1.5      0         0         0.000000e+00 
# cumulative - all active cores
69   122733945 0         51255134  17639845  408663799 138685846 1.9      363748414 414       822853458 2644.1   976.8    70        408325127 17664     12.7     70        408950321 2208      101.7    4         48706261  3.876309e+00 
# average per core = cumulative/69
69   1778752.75 0.00      742828.06 255649.91 5922664.00 2009939.75 0.0      5271716.00 6.00      11925412.00 38.3     14.2     1.01      5917755.50 256.00    0.2      1.01      5926816.50 32.00     1.5      0.06      705887.81 5.617839e-02 
## descriptions:
# P: core ID / number of active cores
# iops: number of instructions executed
# flops: number of floating-point instructions issued
# lds: number of load instructions executed
# sts: number of store instructions executed
# ibytes: number of bytes loaded from L1 cache into core
# obytes: number of bytes stored into L1 cache from core
# regf_act: register file async port activity (= 100. * ncycles_asyncport_busy / ncorecycles_total)
# plbusy: number of corecycles the pipeline was active
# plstgs: number of pipeline stages
# plstgrun: cumulative number of corecycles active in all pipeline stages
# pl%busy: pipeline efficiency while active (= 100. * plstgrun / plstgs / plbusy)
# pl%eff: pipeline efficiency total (= 100. * iops / ncorecycles_total)
# ttmax: maximum of thread entries simulatenously allocated
# ttotal: cumulative number of thread entries busy (over mastertime)
# ttsize: thread table size
# tt%occ: thread table occupancy (= 100. * ttotal / ttsize / nmastercycles_total)
# ttmax: maximum of family entries simulatenously allocated
# ftotal: cumulative number of family entries busy (over mastertime)
# ftsize: family table size
# ft%occ: family table occupancy (= 100. * ftotal / ftsize / nmastercycles_total)
# xqmax: high water mark of the exclusive allocate queue size
# xqtot: cumulative exclusive allocate queue size (over mastertime)
# xqavg: average size of the exclusive allocate queue (= xqtot / nmastercycles_total)
## memory statistics:
117017	# number of load reqs. by the L1 cache from L2
7489088	# number of bytes loaded by the L1 cache from L2
17709933	# number of store reqs. by the L1 cache to L2
155180944	# number of bytes stored by the L1 cache to L2
117017	# number of cache lines read from the ext. mem. interface
17709933	# number of cache lines written to the ext. mem. interface
### end end-of-simulation statistics
