* input data: env at 0x43000000, 3830 bytes. [+29367]
* strings at 0x80000010, environ[63] at 0x80000f10. [+30417]
* heap at 0x80000000, 10737418240 bytes. [+351]
* input data: fibre at 0x80001140, 32 bytes. [+1479]
* input data: slr vars at 0x80001118, 16 bytes. [+866]
* connected to I/O, 16 devices, 8 notification channels. [+767]
* smc at 0x4e000000, enumerates 15 devices. [+513]
* I/O enumeration data at 0x10000000. [+1282]
* uart at 0x44000000. [+1217]
* rpc interface at 0x45000000. [+608]
* lcd at 0x46000000, size 80x25. [+453]
* lcd at 0x47000000, size 16x2. [+369]
* rtc at 0x48000000. [+306]
* gfxctl at 0x49000000, framebuffer at 0x4a000000. [+613]
* argument ROM at 0x4c000000. [+815]
* configuration ROM at 0x4d000000. [+527]
* input data: arguments at 0x80001168, argv[2] at 0x800011a8, 53 bytes. [+3002]
* reading configuration...
  - core frequency: 1000MHz.
  - 256 thread and 32 family entries per core.
  - system version: 3.2.61-d2aa8.
  - master frequency: 4000MHz.
  done. [+244807]
* SEP init: setting up for 128 cores...  done. [+2685]
* allocating places for the C stdlib... success: stdio at 0x103, malloc at 0x105, dtoa at 0x107 [+2658]
* -n 1 -> request to SEP... success, t_main goes to pid=0x109 [+7703]
* init compiled with slc 3.7b.40-c437a2.

Microgrid says:  h e l l o  w o r l d !

init done, program will start now; core cycles so far: 349022
Program from config ./cfg/bulksec.cfg
Returning from Loader main

<Clocks>3,65,1,2214632,17488,1525132,1525167</Clocks>

<Clocks>4,66,1,2248068,16449,1524083,1524177</Clocks>

<Clocks>5,67,1,2279539,16480,1524130,1524173</Clocks>

<Clocks>6,68,1,2310909,16456,1524186,1524293</Clocks>

<Clocks>7,69,1,2342271,16430,1524083,1524118</Clocks>

<Clocks>8,70,1,2373556,16430,1524083,1524177</Clocks>

<Clocks>9,71,1,2404924,16430,1524099,1524142</Clocks>

<Clocks>10,72,1,2436231,16451,1524188,1524311</Clocks>

<Clocks>11,73,1,2467582,16447,1524082,1524119</Clocks>

<Clocks>12,74,1,2498859,16463,1524099,1524194</Clocks>

<Clocks>13,75,1,2530350,16465,1524144,1524187</Clocks>

<Clocks>14,76,1,2561659,16459,1524206,1524313</Clocks>

<Clocks>15,77,1,2593001,16441,1524076,1524114</Clocks>

<Clocks>16,78,1,2624283,16439,1524074,1524168</Clocks>

<Clocks>17,79,1,2655656,16464,1524143,1524186</Clocks>

<Clocks>18,80,1,2686957,16461,1524199,1524306</Clocks>

<Clocks>19,81,1,2718304,16428,1524064,1524099</Clocks>

<Clocks>20,82,1,2749552,16428,1524063,1524157</Clocks>

<Clocks>21,83,1,2780975,16469,1524121,1524164</Clocks>

<Clocks>22,84,1,2812281,16442,1524161,1524267</Clocks>

<Clocks>23,85,1,2843612,16441,1524076,1524111</Clocks>

<Clocks>24,86,1,2874886,16439,1524074,1524168</Clocks>

<Clocks>25,87,1,2906255,16438,1524089,1524132</Clocks>

<Clocks>26,88,1,2937555,16451,1524197,1524301</Clocks>

<Clocks>27,89,1,2968927,16447,1524111,1524149</Clocks>

<Clocks>28,90,1,3000215,16444,1524080,1524174</Clocks>

<Clocks>29,91,1,3031618,16470,1524122,1524165</Clocks>

<Clocks>30,92,1,3062968,16458,1524177,1524281</Clocks>

<Clocks>31,93,1,3094311,16439,1524074,1524109</Clocks>

<Clocks>32,94,1,3125574,16436,1524099,1524193</Clocks>

<Clocks>33,95,1,3156935,16456,1524135,1524178</Clocks>

<Clocks>34,96,1,3188283,16453,1524219,1524359</Clocks>

<Clocks>35,97,1,3219648,16428,1524066,1524101</Clocks>

<Clocks>36,98,1,3250956,16436,1524080,1524174</Clocks>

<Clocks>37,99,1,3282380,16448,1524101,1524144</Clocks>

<Clocks>38,100,1,3313704,16453,1524217,1524357</Clocks>

<Clocks>39,101,1,3345057,16430,1524078,1524116</Clocks>

<Clocks>40,102,1,3376316,16441,1524076,1524170</Clocks>

<Clocks>41,103,1,3407688,16450,1524103,1524146</Clocks>

<Clocks>42,104,1,3439031,16434,1524198,1524341</Clocks>

<Clocks>43,105,1,3470405,16452,1524098,1524133</Clocks>

<Clocks>44,106,1,3501699,16444,1524080,1524176</Clocks>

<Clocks>45,107,1,3533134,16459,1524122,1524165</Clocks>

<Clocks>46,108,1,3564438,16443,1524198,1524338</Clocks>

<Clocks>47,109,1,3595796,16439,1524076,1524114</Clocks>

<Clocks>48,110,1,3627079,16439,1524074,1524168</Clocks>

<Clocks>49,111,1,3658449,16458,1524121,1524164</Clocks>

<Clocks>50,112,1,3689756,16453,1524208,1524349</Clocks>

<Clocks>2,113,1,3721043,16441,1524165,1524200</Clocks>

<Clocks>51,114,1,3752708,16453,1524100,1524135</Clocks>

<Clocks>4,115,1,3784292,16430,1524154,1524248</Clocks>

<Clocks>5,116,1,3815826,16437,1524281,1524462</Clocks>

<Clocks>6,117,1,3847656,16430,1524152,1524188</Clocks>

<Clocks>7,118,1,3879069,16424,1524146,1524181</Clocks>

<Clocks>8,119,1,3910698,16424,1524148,1524260</Clocks>

<Clocks>9,120,1,3942095,16422,1524264,1524481</Clocks>

<Clocks>10,121,1,3973596,16441,1524163,1524199</Clocks>

<Clocks>11,122,1,4005020,16441,1524163,1524198</Clocks>

<Clocks>12,123,1,4036530,16451,1524175,1524287</Clocks>

<Clocks>13,124,1,4067971,16432,1524274,1524492</Clocks>

<Clocks>14,125,1,4099468,16432,1524154,1524189</Clocks>

<Clocks>15,126,1,4130866,16416,1524138,1524174</Clocks>

<Clocks>16,127,1,4162304,16416,1524138,1524250</Clocks>

<Clocks>17,64,1,4193656,16433,1524085,1524173</Clocks>

<Clocks>18,65,1,4225223,16437,1524089,1524118</Clocks>

<Clocks>19,66,1,4256658,16408,1524069,1524098</Clocks>

<Clocks>20,67,1,4288232,16406,1524058,1524146</Clocks>

<Clocks>21,68,1,4319517,16437,1524088,1524177</Clocks>

<Clocks>22,69,1,4351019,16416,1524068,1524097</Clocks>

<Clocks>23,70,1,4382498,16419,1524073,1524102</Clocks>

<Clocks>24,71,1,4414019,16419,1524115,1524203</Clocks>

<Clocks>25,72,1,4445350,16408,1524067,1524155</Clocks>

<Clocks>26,73,1,4476675,16427,1524080,1524109</Clocks>

<Clocks>27,74,1,4508026,16427,1524104,1524133</Clocks>

<Clocks>28,75,1,4539539,16425,1524078,1524166</Clocks>

<Clocks>29,76,1,4570909,16446,1524164,1524252</Clocks>

<Clocks>30,77,1,4602426,16432,1524083,1524112</Clocks>

<Clocks>31,78,1,4633987,16417,1524071,1524100</Clocks>

<Clocks>32,79,1,4665723,16438,1524089,1524177</Clocks>

<Clocks>33,80,1,4697456,16456,1524107,1524177</Clocks>

<Clocks>34,81,1,4728844,16451,1524102,1524131</Clocks>

<Clocks>35,82,1,4760295,16430,1524084,1524113</Clocks>

<Clocks>36,83,1,4791767,16414,1524066,1524154</Clocks>

<Clocks>37,84,1,4823091,16424,1524075,1524163</Clocks>

<Clocks>38,85,1,4854530,16433,1524084,1524113</Clocks>

<Clocks>39,86,1,4885855,16414,1524065,1524094</Clocks>

<Clocks>40,87,1,4917313,16426,1524078,1524166</Clocks>

<Clocks>41,88,1,4948638,16432,1524083,1524171</Clocks>

<Clocks>42,89,1,4979967,16416,1524067,1524096</Clocks>

<Clocks>43,90,1,5011257,16430,1524082,1524111</Clocks>

<Clocks>44,91,1,5042697,16422,1524076,1524164</Clocks>

<Clocks>45,92,1,5074004,16441,1524092,1524180</Clocks>

<Clocks>46,93,1,5105348,16430,1524081,1524110</Clocks>

<Clocks>47,94,1,5136709,16430,1524081,1524110</Clocks>

<Clocks>48,95,1,5168110,16433,1524084,1524172</Clocks>

<Clocks>49,96,1,5199755,16441,1524094,1524201</Clocks>

<Clocks>50,97,1,5231133,16435,1524086,1524115</Clocks>

<Clocks>2,98,1,5262524,16439,1524162,1524191</Clocks>

<Clocks>51,99,1,5294045,16427,1524080,1524109</Clocks>

<Clocks>4,100,1,5325379,16412,1524138,1524226</Clocks>

<Clocks>5,101,1,5356973,16435,1524158,1524195</Clocks>

<Clocks>6,102,1,5388356,16428,1524153,1524182</Clocks>

<Clocks>7,103,1,5419878,16406,1524129,1524158</Clocks>

<Clocks>8,104,1,5451216,16406,1524129,1524235</Clocks>

<Clocks>9,105,1,5482560,16405,1524128,1524165</Clocks>

<Clocks>10,106,1,5513893,16426,1524133,1524162</Clocks>

<Clocks>11,107,1,5545386,16424,1524147,1524176</Clocks>

<Clocks>12,108,1,5576776,16423,1524146,1524252</Clocks>

<Clocks>13,109,1,5608160,16448,1524175,1524212</Clocks>

<Clocks>14,110,1,5639781,16441,1524164,1524193</Clocks>

<Clocks>15,111,1,5671601,16425,1524148,1524177</Clocks>

<Clocks>16,112,1,5703287,16404,1524131,1524237</Clocks>

<Clocks>17,113,1,5734580,16431,1524140,1524177</Clocks>

<Clocks>18,114,1,5765939,16436,1524149,1524178</Clocks>

<Clocks>19,115,1,5797392,16422,1524112,1524141</Clocks>

<Clocks>20,116,1,5828726,16406,1524111,1524217</Clocks>

<Clocks>21,117,1,5860133,16437,1524142,1524179</Clocks>

<Clocks>22,118,1,5891556,16416,1524124,1524153</Clocks>

<Clocks>23,119,1,5923186,16427,1524135,1524164</Clocks>

<Clocks>24,120,1,5954499,16425,1524130,1524236</Clocks>

<Clocks>25,121,1,5985808,16414,1524119,1524156</Clocks>

<Clocks>26,122,1,6017106,16433,1524122,1524151</Clocks>

<Clocks>27,123,1,6048591,16448,1524156,1524185</Clocks>

<Clocks>28,124,1,6079926,16422,1524127,1524234</Clocks>

<Clocks>29,125,1,6111251,16422,1524127,1524164</Clocks>

<Clocks>30,126,1,6142694,16423,1524128,1524157</Clocks>

<Clocks>31,127,1,6174080,16433,1524142,1524171</Clocks>

<Clocks>32,64,1,6205774,16430,1524087,1524175</Clocks>

<Clocks>33,65,1,6237146,16448,1524106,1524143</Clocks>

<Clocks>34,66,1,6268560,16426,1524104,1524133</Clocks>

<Clocks>35,67,1,6300107,16404,1524082,1524111</Clocks>

<Clocks>36,68,1,6331424,16413,1524088,1524176</Clocks>

<Clocks>37,69,1,6362952,16420,1524096,1524133</Clocks>

<Clocks>38,70,1,6394298,16424,1524099,1524128</Clocks>

<Clocks>39,71,1,6425824,16404,1524080,1524109</Clocks>

<Clocks>40,72,1,6457168,16415,1524090,1524178</Clocks>

<Clocks>41,73,1,6488509,16423,1524098,1524135</Clocks>

<Clocks>42,74,1,6519852,16406,1524084,1524113</Clocks>

<Clocks>43,75,1,6551365,16449,1524124,1524153</Clocks>

<Clocks>44,76,1,6582762,16443,1524118,1524206</Clocks>

<Clocks>45,77,1,6614118,16425,1524100,1524137</Clocks>

<Clocks>46,78,1,6645760,16425,1524101,1524130</Clocks>

<Clocks>47,79,1,6677542,16425,1524100,1524129</Clocks>

<Clocks>48,80,1,6709280,16424,1524099,1524187</Clocks>

<Clocks>49,81,1,6740604,16434,1524091,1524128</Clocks>

<Clocks>50,82,1,6771965,16427,1524152,1524181</Clocks>

<Clocks>2,83,1,6803423,16463,1524138,1524167</Clocks>

<Clocks>51,84,1,6834806,16451,1524108,1524137</Clocks>

<Clocks>4,85,1,6866235,16424,1524099,1524169</Clocks>

<Clocks>5,86,1,6897579,16447,1524122,1524159</Clocks>

<Clocks>6,87,1,6929091,16440,1524115,1524144</Clocks>

<Clocks>7,88,1,6960424,16417,1524092,1524121</Clocks>

<Clocks>8,89,1,6991735,16417,1524093,1524181</Clocks>

<Clocks>9,90,1,7023048,16423,1524098,1524135</Clocks>

<Clocks>10,91,1,7054504,16431,1524140,1524169</Clocks>

<Clocks>11,92,1,7085839,16425,1524100,1524129</Clocks>

<Clocks>12,93,1,7117162,16423,1524098,1524186</Clocks>

<Clocks>13,94,1,7148558,16428,1524103,1524140</Clocks>

<Clocks>14,95,1,7179983,16420,1524096,1524125</Clocks>

<Clocks>15,96,1,7211669,16406,1524081,1524110</Clocks>

<Clocks>16,97,1,7243000,16404,1524081,1524187</Clocks>

<Clocks>17,98,1,7274424,16429,1524122,1524159</Clocks>

<Clocks>18,99,1,7305970,16434,1524127,1524156</Clocks>

<Clocks>19,100,1,7337313,16415,1524108,1524137</Clocks>

<Clocks>20,101,1,7368791,16415,1524108,1524214</Clocks>

<Clocks>21,102,1,7400129,16446,1524157,1524194</Clocks>

<Clocks>22,103,1,7431758,16443,1524136,1524165</Clocks>

<Clocks>23,104,1,7463346,16435,1524128,1524157</Clocks>

<Clocks>24,105,1,7494711,16433,1524128,1524234</Clocks>

<Clocks>25,106,1,7526063,16423,1524116,1524153</Clocks>

<Clocks>26,107,1,7557620,16423,1524117,1524146</Clocks>

<Clocks>27,108,1,7588945,16425,1524126,1524155</Clocks>

<Clocks>28,109,1,7620285,16420,1524121,1524227</Clocks>

<Clocks>29,110,1,7651902,16420,1524122,1524159</Clocks>

<Clocks>30,111,1,7683807,16406,1524099,1524128</Clocks>

<Clocks>31,112,1,7715494,16424,1524115,1524144</Clocks>

<Clocks>32,113,1,7746849,16438,1524115,1524221</Clocks>

<Clocks>33,114,1,7778209,16449,1524126,1524163</Clocks>

<Clocks>34,115,1,7809719,16427,1524122,1524151</Clocks>

<Clocks>35,116,1,7841051,16428,1524157,1524186</Clocks>

<Clocks>36,117,1,7872463,16412,1524141,1524247</Clocks>

<Clocks>37,118,1,7903748,16420,1524149,1524186</Clocks>

<Clocks>38,119,1,7935215,16423,1524153,1524182</Clocks>

<Clocks>39,120,1,7966534,16404,1524133,1524162</Clocks>

<Clocks>40,121,1,7997834,16415,1524144,1524250</Clocks>

<Clocks>41,122,1,8029138,16423,1524152,1524189</Clocks>

<Clocks>42,123,1,8060592,16406,1524120,1524149</Clocks>

<Clocks>43,124,1,8091911,16429,1524159,1524188</Clocks>

<Clocks>44,125,1,8123268,16420,1524149,1524255</Clocks>

<Clocks>45,126,1,8154673,16423,1524152,1524189</Clocks>

<Clocks>46,127,1,8186072,16420,1524149,1524178</Clocks>

<Clocks>47,64,1,8217739,16422,1524100,1524129</Clocks>

<Clocks>48,65,1,8249079,16422,1524097,1524185</Clocks>

<Clocks>49,66,1,8280510,16428,1524158,1524195</Clocks>

<Clocks>50,67,1,8312049,16430,1524141,1524170</Clocks>

<Clocks>2,68,1,8343439,16430,1524227,1524256</Clocks>

<Clocks>51,69,1,8374945,16414,1524211,1524240</Clocks>

<Clocks>4,70,1,8406291,16415,1524212,1524282</Clocks>

<Clocks>5,71,1,8437773,16437,1524234,1524271</Clocks>

<Clocks>6,72,1,8469109,16432,1524229,1524258</Clocks>

<Clocks>7,73,1,8500437,16408,1524205,1524234</Clocks>

<Clocks>8,74,1,8531781,16431,1524158,1524246</Clocks>

<Clocks>9,75,1,8563302,16429,1524227,1524264</Clocks>

<Clocks>10,76,1,8594622,16424,1524169,1524198</Clocks>

<Clocks>11,77,1,8625970,16426,1524223,1524252</Clocks>

<Clocks>12,78,1,8657595,16423,1524221,1524309</Clocks>

<Clocks>13,79,1,8689341,16430,1524227,1524264</Clocks>

<Clocks>14,80,1,8721014,16422,1524219,1524249</Clocks>

<Clocks>15,81,1,8752355,16406,1524149,1524178</Clocks>

<Clocks>16,82,1,8783748,16406,1524151,1524239</Clocks>

<Clocks>17,83,1,8815229,16431,1524122,1524159</Clocks>

<Clocks>18,84,1,8846568,16433,1524144,1524173</Clocks>

<Clocks>19,85,1,8877998,16405,1524083,1524112</Clocks>

<Clocks>20,86,1,8909312,16404,1524043,1524131</Clocks>

<Clocks>21,87,1,8940823,16446,1524103,1524140</Clocks>

<Clocks>22,88,1,8972263,16425,1524064,1524093</Clocks>

<Clocks>23,89,1,9003831,16417,1524078,1524107</Clocks>

<Clocks>24,90,1,9035167,16415,1524054,1524142</Clocks>

<Clocks>25,91,1,9066661,16415,1524057,1524094</Clocks>

<Clocks>26,92,1,9097983,16423,1524098,1524127</Clocks>

<Clocks>27,93,1,9129341,16423,1524063,1524092</Clocks>

<Clocks>28,94,1,9160737,16420,1524077,1524165</Clocks>

<Clocks>29,95,1,9192176,16420,1524061,1524098</Clocks>

<Clocks>30,96,1,9223935,16406,1524099,1524128</Clocks>

<Clocks>31,97,1,9255261,16415,1524113,1524142</Clocks>

<Clocks>32,98,1,9286660,16412,1524106,1524212</Clocks>

<Clocks>33,99,1,9318206,16446,1524141,1524178</Clocks>

<Clocks>34,100,1,9349642,16442,1524135,1524164</Clocks>

<Clocks>35,101,1,9381144,16420,1524098,1524127</Clocks>

<Clocks>36,102,1,9412475,16428,1524103,1524209</Clocks>

<Clocks>37,103,1,9443994,16438,1524113,1524150</Clocks>

<Clocks>38,104,1,9475350,16441,1524116,1524145</Clocks>

<Clocks>39,105,1,9506736,16421,1524114,1524143</Clocks>

<Clocks>40,106,1,9538108,16432,1524109,1524215</Clocks>

<Clocks>41,107,1,9569647,16431,1524107,1524144</Clocks>

<Clocks>42,108,1,9600978,16414,1524094,1524123</Clocks>

<Clocks>43,109,1,9632315,16428,1524103,1524132</Clocks>

<Clocks>44,110,1,9663877,16428,1524106,1524212</Clocks>

<Clocks>45,111,1,9695652,16448,1524123,1524160</Clocks>

<Clocks>46,112,1,9727375,16412,1524087,1524116</Clocks>

<Clocks>47,113,1,9758710,16413,1524090,1524119</Clocks>

<Clocks>48,114,1,9790078,16412,1524089,1524195</Clocks>

<Clocks>49,115,1,9821546,16432,1524110,1524147</Clocks>

<Clocks>50,116,1,9852865,16425,1524100,1524129</Clocks>

<Clocks>2,117,1,9884329,16448,1524123,1524152</Clocks>

<Clocks>51,118,1,9915695,16433,1524116,1524145</Clocks>

<Clocks>4,119,1,9947208,16447,1524122,1524192</Clocks>

<Clocks>5,120,1,9978590,16436,1524111,1524181</Clocks>

<Clocks>6,121,1,10009935,16428,1524103,1524132</Clocks>

<Clocks>7,122,1,10041261,16406,1524081,1524110</Clocks>

<Clocks>8,123,1,10072679,16406,1524081,1524187</Clocks>

<Clocks>9,124,1,10104023,16404,1524079,1524185</Clocks>

<Clocks>10,125,1,10135363,16423,1524098,1524127</Clocks>

<Clocks>11,126,1,10166757,16423,1524098,1524127</Clocks>

<Clocks>12,127,1,10198205,16432,1524107,1524213</Clocks>

<Clocks>13,64,1,10229915,16429,1524104,1524192</Clocks>
### begin end-of-simulation statistics
47054484	# master cycle counter
11763621	# core cycle counter
122744596	# total executed instructions
0	# total issued fp instructions
## core statistics:
# P  iops      flops     lds       sts       ibytes    obytes    regf_act plbusy    plstgs    plstgrun  pl%busy  pl%eff   ttmax     ttotal    ttsize    tt%occ   ftmax     ftotal    ftsize    ft%occ   xqmax     xqtot     xqavg        
# per-core values
0    1373073   0         208078    310837    1202352   1467973   1.4      2862205   6         9264397   53.9     11.7     2         19967188  256       0.2      2         22356300  32        1.5      1         40917948  8.695866e-01 
1    867804    0         134048    84196     785441    453149    0.0      1770776   6         5598950   52.7     7.4      1         8547740   256       0.1      1         8632008   32        0.6      1         47017000  9.992034e-01 
2    104640    0         22347     6642      73777     53112     0.0      253988    6         696650    45.7     0.9      1         1159840   256       0.0      1         1371740   32        0.1      1         47050728  9.999202e-01 
3    9038      0         1290      2064      7224      10320     0.0      18453     6         59451     53.7     0.1      1         251988    256       0.0      1         359288    32        0.0      1         47054016  9.999900e-01 
5    2438493   0         353400    385002    2311646   1896531   0.5      5101972   6         15354813  50.2     20.7     1         32436684  256       0.3      1         32437248  32        2.2      0         0         0.000000e+00 
64   2294668   0         983181    327821    7865356   2622508   0.0      6883192   6         15407085  37.3     19.5     1         30306828  256       0.3      1         30308476  32        2.0      0         0         0.000000e+00 
65   1835822   0         786556    262276    6292368   2098148   0.0      5506749   6         12326277  37.3     15.6     1         24295460  256       0.2      1         24296428  32        1.6      0         0         0.000000e+00 
66   1835824   0         786556    262276    6292368   2098148   0.0      5506754   6         12326286  37.3     15.6     1         24273608  256       0.2      1         24274660  32        1.6      0         0         0.000000e+00 
67   1835824   0         786556    262276    6292368   2098148   0.0      5506748   6         12326277  37.3     15.6     1         24275208  256       0.2      1         24276320  32        1.6      0         0         0.000000e+00 
68   1835822   0         786556    262276    6292368   2098148   0.0      5506755   6         12326286  37.3     15.6     1         24276792  256       0.2      1         24278044  32        1.6      0         0         0.000000e+00 
69   1835824   0         786556    262276    6292368   2098148   0.0      5506739   6         12326259  37.3     15.6     1         24273508  256       0.2      1         24274552  32        1.6      0         0         0.000000e+00 
70   1835824   0         786556    262276    6292368   2098148   0.0      5506753   6         12326286  37.3     15.6     1         24274048  256       0.2      1         24275092  32        1.6      0         0         0.000000e+00 
71   1835824   0         786556    262276    6292368   2098148   0.0      5506754   6         12326286  37.3     15.6     1         24273812  256       0.2      1         24274924  32        1.6      0         0         0.000000e+00 
72   1835822   0         786556    262276    6292368   2098148   0.0      5506756   6         12326286  37.3     15.6     1         24276812  256       0.2      1         24278064  32        1.6      0         0         0.000000e+00 
73   1835824   0         786556    262276    6292368   2098148   0.0      5506746   6         12326268  37.3     15.6     1         24273072  256       0.2      1         24274116  32        1.6      0         0         0.000000e+00 
74   1835824   0         786556    262276    6292368   2098148   0.0      5506752   6         12326286  37.3     15.6     1         24273608  256       0.2      1         24274664  32        1.6      0         0         0.000000e+00 
75   1835824   0         786556    262276    6292368   2098148   0.0      5506754   6         12326286  37.3     15.6     1         24273540  256       0.2      1         24274648  32        1.6      0         0         0.000000e+00 
76   1835822   0         786556    262276    6292368   2098148   0.0      5506757   6         12326286  37.3     15.6     1         24277116  256       0.2      1         24278368  32        1.6      0         0         0.000000e+00 
77   1835824   0         786556    262276    6292368   2098148   0.0      5506739   6         12326259  37.3     15.6     1         24273540  256       0.2      1         24274584  32        1.6      0         0         0.000000e+00 
78   1835824   0         786556    262276    6292368   2098148   0.0      5506752   6         12326286  37.3     15.6     1         24274064  256       0.2      1         24275108  32        1.6      0         0         0.000000e+00 
79   1835824   0         786556    262276    6292368   2098148   0.0      5506754   6         12326286  37.3     15.6     1         24273704  256       0.2      1         24274816  32        1.6      0         0         0.000000e+00 
80   1835822   0         786556    262276    6292368   2098148   0.0      5506758   6         12326286  37.3     15.6     1         24276936  256       0.2      1         24278188  32        1.6      0         0         0.000000e+00 
81   1835824   0         786556    262276    6292368   2098148   0.0      5506737   6         12326259  37.3     15.6     1         24275776  256       0.2      1         24276748  32        1.6      0         0         0.000000e+00 
82   1835824   0         786556    262276    6292368   2098148   0.0      5506755   6         12326286  37.3     15.6     1         24274816  256       0.2      1         24275792  32        1.6      0         0         0.000000e+00 
83   1835824   0         786556    262276    6292368   2098148   0.0      5506755   6         12326286  37.3     15.6     1         24274484  256       0.2      1         24275592  32        1.6      0         0         0.000000e+00 
84   1835822   0         786556    262276    6292368   2098148   0.0      5506744   6         12326268  37.3     15.6     1         24276756  256       0.2      1         24277936  32        1.6      0         0         0.000000e+00 
85   1835824   0         786556    262276    6292368   2098148   0.0      5506743   6         12326268  37.3     15.6     1         24273328  256       0.2      1         24274372  32        1.6      0         0         0.000000e+00 
86   1835824   0         786556    262276    6292368   2098148   0.0      5506759   6         12326295  37.3     15.6     1         24273620  256       0.2      1         24274664  32        1.6      0         0         0.000000e+00 
87   1835824   0         786556    262276    6292368   2098148   0.0      5506755   6         12326286  37.3     15.6     1         24272984  256       0.2      1         24274092  32        1.6      0         0         0.000000e+00 
88   1835822   0         786556    262276    6292368   2098148   0.0      5506743   6         12326268  37.3     15.6     1         24275760  256       0.2      1         24277012  32        1.6      0         0         0.000000e+00 
89   1835824   0         786556    262276    6292368   2098148   0.0      5506749   6         12326277  37.3     15.6     1         24273100  256       0.2      1         24274144  32        1.6      0         0         0.000000e+00 
90   1835824   0         786556    262276    6292368   2098148   0.0      5506759   6         12326295  37.3     15.6     1         24273168  256       0.2      1         24274216  32        1.6      0         0         0.000000e+00 
91   1835824   0         786556    262276    6292368   2098148   0.0      5506755   6         12326286  37.3     15.6     1         24273180  256       0.2      1         24274288  32        1.6      0         0         0.000000e+00 
92   1835822   0         786556    262276    6292368   2098148   0.0      5506743   6         12326268  37.3     15.6     1         24275804  256       0.2      1         24277056  32        1.6      0         0         0.000000e+00 
93   1835824   0         786556    262276    6292368   2098148   0.0      5506742   6         12326268  37.3     15.6     1         24272828  256       0.2      1         24273872  32        1.6      0         0         0.000000e+00 
94   1835824   0         786556    262276    6292368   2098148   0.0      5506760   6         12326295  37.3     15.6     1         24273624  256       0.2      1         24274668  32        1.6      0         0         0.000000e+00 
95   1835824   0         786556    262276    6292368   2098148   0.0      5506755   6         12326286  37.3     15.6     1         24273100  256       0.2      1         24274212  32        1.6      0         0         0.000000e+00 
96   1835822   0         786556    262276    6292368   2098148   0.0      5506741   6         12326268  37.3     15.6     1         24277788  256       0.2      1         24279108  32        1.6      0         0         0.000000e+00 
97   1835824   0         786556    262276    6292368   2098148   0.0      5506745   6         12326268  37.3     15.6     1         24274040  256       0.2      1         24275092  32        1.6      0         0         0.000000e+00 
98   1835824   0         786556    262276    6292368   2098148   0.0      5506762   6         12326295  37.3     15.6     1         24274308  256       0.2      1         24275428  32        1.6      0         0         0.000000e+00 
99   1835824   0         786556    262276    6292368   2098148   0.0      5506743   6         12326268  37.3     15.6     1         24274832  256       0.2      1         24275940  32        1.6      0         0         0.000000e+00 
100  1835822   0         786556    262276    6292368   2098148   0.0      5506746   6         12326277  37.3     15.6     1         24278840  256       0.2      1         24280236  32        1.6      0         0         0.000000e+00 
101  1835824   0         786556    262276    6292368   2098148   0.0      5506749   6         12326277  37.3     15.6     1         24274516  256       0.2      1         24275632  32        1.6      0         0         0.000000e+00 
102  1835824   0         786556    262276    6292368   2098148   0.0      5506760   6         12326295  37.3     15.6     1         24274808  256       0.2      1         24275924  32        1.6      0         0         0.000000e+00 
103  1835824   0         786556    262276    6292368   2098148   0.0      5506743   6         12326268  37.3     15.6     1         24273708  256       0.2      1         24274888  32        1.6      0         0         0.000000e+00 
104  1835822   0         786556    262276    6292368   2098148   0.0      5506749   6         12326277  37.3     15.6     1         24279044  256       0.2      1         24280440  32        1.6      0         0         0.000000e+00 
105  1835824   0         786556    262276    6292368   2098148   0.0      5506749   6         12326277  37.3     15.6     1         24274296  256       0.2      1         24275412  32        1.6      0         0         0.000000e+00 
106  1835824   0         786556    262276    6292368   2098148   0.0      5506762   6         12326295  37.3     15.6     1         24274940  256       0.2      1         24276060  32        1.6      0         0         0.000000e+00 
107  1835824   0         786556    262276    6292368   2098148   0.0      5506743   6         12326268  37.3     15.6     1         24274096  256       0.2      1         24275276  32        1.6      0         0         0.000000e+00 
108  1835822   0         786556    262276    6292368   2098148   0.0      5506753   6         12326286  37.3     15.6     1         24278936  256       0.2      1         24280332  32        1.6      0         0         0.000000e+00 
109  1835824   0         786556    262276    6292368   2098148   0.0      5506749   6         12326277  37.3     15.6     1         24274468  256       0.2      1         24275584  32        1.6      0         0         0.000000e+00 
110  1835824   0         786556    262276    6292368   2098148   0.0      5506763   6         12326295  37.3     15.6     1         24274916  256       0.2      1         24276044  32        1.6      0         0         0.000000e+00 
111  1835824   0         786556    262276    6292368   2098148   0.0      5506744   6         12326268  37.3     15.6     1         24273996  256       0.2      1         24275176  32        1.6      0         0         0.000000e+00 
112  1835822   0         786556    262276    6292368   2098148   0.0      5506746   6         12326277  37.3     15.6     1         24278936  256       0.2      1         24280332  32        1.6      0         0         0.000000e+00 
113  1835824   0         786556    262276    6292368   2098148   0.0      5506750   6         12326277  37.3     15.6     1         24276804  256       0.2      1         24277912  32        1.6      0         0         0.000000e+00 
114  1835824   0         786556    262276    6292368   2098148   0.0      5506749   6         12326277  37.3     15.6     1         24275336  256       0.2      1         24276308  32        1.6      0         0         0.000000e+00 
115  1835824   0         786556    262276    6292368   2098148   0.0      5506748   6         12326277  37.3     15.6     1         24275588  256       0.2      1         24276768  32        1.6      0         0         0.000000e+00 
116  1835822   0         786556    262276    6292368   2098148   0.0      5506755   6         12326286  37.3     15.6     1         24279908  256       0.2      1         24281364  32        1.6      0         0         0.000000e+00 
117  1835824   0         786556    262276    6292368   2098148   0.0      5506749   6         12326277  37.3     15.6     1         24274552  256       0.2      1         24275732  32        1.6      0         0         0.000000e+00 
118  1835824   0         786556    262276    6292368   2098148   0.0      5506737   6         12326259  37.3     15.6     1         24274084  256       0.2      1         24275264  32        1.6      0         0         0.000000e+00 
119  1835824   0         786556    262276    6292368   2098148   0.0      5506747   6         12326277  37.3     15.6     1         24274824  256       0.2      1         24276004  32        1.6      0         0         0.000000e+00 
120  1835822   0         786556    262276    6292368   2098148   0.0      5506763   6         12326295  37.3     15.6     1         24279068  256       0.2      1         24280528  32        1.6      0         0         0.000000e+00 
121  1835824   0         786556    262276    6292368   2098148   0.0      5506751   6         12326277  37.3     15.6     1         24274940  256       0.2      1         24276120  32        1.6      0         0         0.000000e+00 
122  1835824   0         786556    262276    6292368   2098148   0.0      5506736   6         12326259  37.3     15.6     1         24274192  256       0.2      1         24275372  32        1.6      0         0         0.000000e+00 
123  1835824   0         786556    262276    6292368   2098148   0.0      5506747   6         12326277  37.3     15.6     1         24274920  256       0.2      1         24276100  32        1.6      0         0         0.000000e+00 
124  1835822   0         786556    262276    6292368   2098148   0.0      5506760   6         12326295  37.3     15.6     1         24279696  256       0.2      1         24281156  32        1.6      0         0         0.000000e+00 
125  1835824   0         786556    262276    6292368   2098148   0.0      5506751   6         12326277  37.3     15.6     1         24275116  256       0.2      1         24276296  32        1.6      0         0         0.000000e+00 
126  1835824   0         786556    262276    6292368   2098148   0.0      5506736   6         12326259  37.3     15.6     1         24274568  256       0.2      1         24275748  32        1.6      0         0         0.000000e+00 
127  1835824   0         786556    262276    6292368   2098148   0.0      5506747   6         12326277  37.3     15.6     1         24275252  256       0.2      1         24276444  32        1.6      0         0         0.000000e+00 
# cumulative - all active cores
69   122744596 0         51255372  17639950  408664980 138686917 2.0      363815833 414       822936905 2643.8   1043.4   70        1622022740 17664     13.5     70        1624890320 2208      107.9    4         182039692 3.868700e+00 
# average per core = cumulative/69
69   1778907.12 0.00      742831.50 255651.45 5922681.00 2009955.25 0.0      5272693.50 6.00      11926622.00 38.3     15.1     1.01      23507576.00 256.00    0.2      1.01      23549136.00 32.00     1.6      0.06      2638256.50 5.606811e-02 
## descriptions:
# P: core ID / number of active cores
# iops: number of instructions executed
# flops: number of floating-point instructions issued
# lds: number of load instructions executed
# sts: number of store instructions executed
# ibytes: number of bytes loaded from L1 cache into core
# obytes: number of bytes stored into L1 cache from core
# regf_act: register file async port activity (= 100. * ncycles_asyncport_busy / ncorecycles_total)
# plbusy: number of corecycles the pipeline was active
# plstgs: number of pipeline stages
# plstgrun: cumulative number of corecycles active in all pipeline stages
# pl%busy: pipeline efficiency while active (= 100. * plstgrun / plstgs / plbusy)
# pl%eff: pipeline efficiency total (= 100. * iops / ncorecycles_total)
# ttmax: maximum of thread entries simulatenously allocated
# ttotal: cumulative number of thread entries busy (over mastertime)
# ttsize: thread table size
# tt%occ: thread table occupancy (= 100. * ttotal / ttsize / nmastercycles_total)
# ttmax: maximum of family entries simulatenously allocated
# ftotal: cumulative number of family entries busy (over mastertime)
# ftsize: family table size
# ft%occ: family table occupancy (= 100. * ftotal / ftsize / nmastercycles_total)
# xqmax: high water mark of the exclusive allocate queue size
# xqtot: cumulative exclusive allocate queue size (over mastertime)
# xqavg: average size of the exclusive allocate queue (= xqtot / nmastercycles_total)
## memory statistics:
117310	# number of load reqs. by the L1 cache from L2
7507840	# number of bytes loaded by the L1 cache from L2
17710038	# number of store reqs. by the L1 cache to L2
155182015	# number of bytes stored by the L1 cache to L2
10371	# number of cache lines read from the ext. mem. interface
7066	# number of cache lines written to the ext. mem. interface
### end end-of-simulation statistics
