* input data: env at 0x43000000, 3827 bytes. [+29925]
* strings at 0x80000010, environ[63] at 0x80000f10. [+32376]
* heap at 0x80000000, 10737418240 bytes. [+513]
* input data: fibre at 0x80001140, 32 bytes. [+2429]
* input data: slr vars at 0x80001118, 16 bytes. [+1099]
* connected to I/O, 16 devices, 8 notification channels. [+911]
* smc at 0x4e000000, enumerates 15 devices. [+632]
* I/O enumeration data at 0x10000000. [+1388]
* uart at 0x44000000. [+1413]
* rpc interface at 0x45000000. [+614]
* lcd at 0x46000000, size 80x25. [+505]
* lcd at 0x47000000, size 16x2. [+387]
* rtc at 0x48000000. [+368]
* gfxctl at 0x49000000, framebuffer at 0x4a000000. [+722]
* argument ROM at 0x4c000000. [+886]
* configuration ROM at 0x4d000000. [+581]
* input data: arguments at 0x80001168, argv[2] at 0x800011a8, 54 bytes. [+3561]
* reading configuration...
  - core frequency: 1000MHz.
  - 256 thread and 32 family entries per core.
  - system version: 3.2.61-d2aa8.
  - master frequency: 1000MHz.
  done. [+243197]
* SEP init: setting up for 128 cores...  done. [+1799]
* allocating places for the C stdlib... success: stdio at 0x103, malloc at 0x105, dtoa at 0x107 [+2407]
* -n 1 -> request to SEP... success, t_main goes to pid=0x109 [+9236]
* init compiled with slc 3.7b.40-c437a2.

Microgrid says:  h e l l o  w o r l d !

init done, program will start now; core cycles so far: 341523
Program from config ./cfg/bulknull.cfg
Returning from Loader main

<Clocks>2,65,1,2421380,18645,18906,18978</Clocks>

<Clocks>2,66,1,2455416,18812,19073,19145</Clocks>

<Clocks>2,67,1,2489208,18533,18794,18866</Clocks>

<Clocks>2,68,1,2522839,18483,18744,18816</Clocks>

<Clocks>2,69,1,2556410,18483,18744,18816</Clocks>

<Clocks>2,70,1,2589970,18483,18744,18816</Clocks>

<Clocks>2,71,1,2623561,18483,18744,18816</Clocks>

<Clocks>2,72,1,2657114,18483,18744,18816</Clocks>

<Clocks>2,73,1,2690652,18483,18744,18816</Clocks>

<Clocks>2,74,1,2724174,18483,18745,18817</Clocks>

<Clocks>2,75,1,2757540,18527,18789,18861</Clocks>

<Clocks>2,76,1,2791191,18527,18788,18860</Clocks>

<Clocks>2,77,1,2824835,18527,18788,18860</Clocks>

<Clocks>2,78,1,2858490,18527,18788,18860</Clocks>

<Clocks>2,79,1,2892100,18483,18744,18816</Clocks>

<Clocks>2,80,1,2925627,18483,18744,18816</Clocks>

<Clocks>2,81,1,2959141,18483,18744,18816</Clocks>

<Clocks>2,82,1,2992663,18483,18744,18816</Clocks>

<Clocks>2,83,1,3026004,18483,18744,18816</Clocks>

<Clocks>2,84,1,3059587,18483,18744,18816</Clocks>

<Clocks>2,85,1,3093160,18483,18744,18816</Clocks>

<Clocks>2,86,1,3126742,18483,18744,18816</Clocks>

<Clocks>2,87,1,3160340,18483,18744,18816</Clocks>

<Clocks>2,88,1,3193891,18483,18744,18816</Clocks>

<Clocks>2,89,1,3227425,18483,18744,18816</Clocks>

<Clocks>2,90,1,3260972,18558,18820,18892</Clocks>

<Clocks>2,91,1,3294416,18558,18820,18892</Clocks>

<Clocks>2,92,1,3328099,18558,18819,18891</Clocks>

<Clocks>2,93,1,3361797,18558,18819,18891</Clocks>

<Clocks>2,94,1,3395453,18483,18744,18816</Clocks>

<Clocks>2,95,1,3429051,18483,18744,18816</Clocks>

<Clocks>2,96,1,3462601,18483,18744,18816</Clocks>

<Clocks>2,97,1,3496162,18483,18744,18816</Clocks>

<Clocks>2,98,1,3529684,18483,18744,18816</Clocks>

<Clocks>2,99,1,3563047,18483,18744,18816</Clocks>

<Clocks>2,100,1,3596663,18483,18744,18816</Clocks>

<Clocks>2,101,1,3630313,18508,18769,18841</Clocks>

<Clocks>2,102,1,3663949,18508,18769,18841</Clocks>

<Clocks>2,103,1,3697593,18508,18769,18841</Clocks>

<Clocks>2,104,1,3731203,18508,18770,18842</Clocks>

<Clocks>2,105,1,3764818,18508,18770,18842</Clocks>

<Clocks>2,106,1,3798377,18483,18744,18816</Clocks>

<Clocks>2,107,1,3831741,18527,18788,18860</Clocks>

<Clocks>2,108,1,3865428,18552,18813,18885</Clocks>

<Clocks>2,109,1,3899101,18552,18813,18885</Clocks>

<Clocks>2,110,1,3932759,18552,18813,18885</Clocks>

<Clocks>2,111,1,3966429,18552,18813,18885</Clocks>

<Clocks>2,112,1,4000106,18577,18838,18910</Clocks>

<Clocks>2,113,1,4033766,18552,18813,18885</Clocks>

<Clocks>2,114,1,4067389,18552,18813,18885</Clocks>

<Clocks>2,115,1,4100846,18508,18769,18841</Clocks>

<Clocks>2,116,1,4134538,18508,18769,18841</Clocks>

<Clocks>2,117,1,4168194,18508,18769,18841</Clocks>

<Clocks>2,118,1,4201834,18508,18769,18841</Clocks>

<Clocks>2,119,1,4235483,18508,18769,18841</Clocks>

<Clocks>2,120,1,4269112,18533,18795,18867</Clocks>

<Clocks>2,121,1,4302711,18508,18770,18842</Clocks>

<Clocks>2,122,1,4336267,18508,18769,18841</Clocks>

<Clocks>2,123,1,4369688,18508,18769,18841</Clocks>

<Clocks>2,124,1,4403329,18483,18744,18816</Clocks>

<Clocks>2,125,1,4436938,18483,18744,18816</Clocks>

<Clocks>2,126,1,4470528,18483,18744,18816</Clocks>

<Clocks>2,127,1,4504174,18508,18769,18841</Clocks>

<Clocks>2,64,1,4537781,18508,18660,18689</Clocks>

<Clocks>2,65,1,4571356,18508,18660,18689</Clocks>

<Clocks>2,66,1,4604911,18508,18660,18689</Clocks>

<Clocks>2,67,1,4638328,18508,18660,18689</Clocks>

<Clocks>2,68,1,4671955,18483,18635,18664</Clocks>

<Clocks>2,69,1,4705537,18483,18635,18664</Clocks>

<Clocks>2,70,1,4739104,18483,18635,18664</Clocks>

<Clocks>2,71,1,4772715,18483,18635,18664</Clocks>

<Clocks>2,72,1,4806266,18483,18635,18664</Clocks>

<Clocks>2,73,1,4839792,18483,18635,18664</Clocks>

<Clocks>2,74,1,4873302,18483,18635,18664</Clocks>

<Clocks>2,75,1,4906647,18558,18710,18739</Clocks>

<Clocks>2,76,1,4940319,18558,18710,18739</Clocks>

<Clocks>2,77,1,4973977,18558,18710,18739</Clocks>

<Clocks>2,78,1,5007654,18558,18710,18739</Clocks>

<Clocks>2,79,1,5041314,18558,18710,18739</Clocks>

<Clocks>2,80,1,5074930,18558,18710,18739</Clocks>

<Clocks>2,81,1,5108531,18558,18710,18739</Clocks>

<Clocks>2,82,1,5142145,18558,18710,18739</Clocks>

<Clocks>2,83,1,5175536,18508,18660,18689</Clocks>

<Clocks>2,84,1,5209130,18508,18660,18689</Clocks>

<Clocks>2,85,1,5242720,18508,18660,18689</Clocks>

<Clocks>2,86,1,5276314,18508,18660,18689</Clocks>

<Clocks>2,87,1,5309901,18508,18660,18689</Clocks>

<Clocks>2,88,1,5343443,18508,18660,18689</Clocks>

<Clocks>2,89,1,5376970,18508,18660,18689</Clocks>

<Clocks>2,90,1,5410505,18552,18704,18733</Clocks>

<Clocks>2,91,1,5443936,18552,18704,18733</Clocks>

<Clocks>2,92,1,5477617,18552,18704,18733</Clocks>

<Clocks>2,93,1,5511315,18552,18704,18733</Clocks>

<Clocks>2,94,1,5544972,18508,18660,18689</Clocks>

<Clocks>2,95,1,5578602,18508,18660,18689</Clocks>

<Clocks>2,96,1,5612191,18508,18660,18689</Clocks>

<Clocks>2,97,1,5645787,18508,18660,18689</Clocks>

<Clocks>2,98,1,5679320,18508,18660,18689</Clocks>

<Clocks>2,99,1,5712688,18508,18660,18689</Clocks>

<Clocks>2,100,1,5746298,18508,18660,18689</Clocks>

<Clocks>2,101,1,5779925,18558,18710,18739</Clocks>

<Clocks>2,102,1,5813597,18558,18710,18739</Clocks>

<Clocks>2,103,1,5847278,18558,18710,18739</Clocks>

<Clocks>2,104,1,5880917,18558,18710,18739</Clocks>

<Clocks>2,105,1,5914576,18558,18710,18739</Clocks>

<Clocks>2,106,1,5948154,18508,18660,18689</Clocks>

<Clocks>2,107,1,5981497,18483,18635,18664</Clocks>

<Clocks>2,108,1,6015092,18483,18635,18664</Clocks>

<Clocks>2,109,1,6048657,18483,18635,18664</Clocks>

<Clocks>2,110,1,6082204,18483,18635,18664</Clocks>

<Clocks>2,111,1,6115768,18483,18635,18664</Clocks>

<Clocks>2,112,1,6149311,18508,18660,18689</Clocks>

<Clocks>2,113,1,6182868,18508,18660,18689</Clocks>

<Clocks>2,114,1,6216402,18508,18660,18689</Clocks>

<Clocks>2,115,1,6249768,18508,18660,18689</Clocks>

<Clocks>2,116,1,6283426,18533,18685,18714</Clocks>

<Clocks>2,117,1,6317075,18508,18660,18689</Clocks>

<Clocks>2,118,1,6350686,18508,18660,18689</Clocks>

<Clocks>2,119,1,6384304,18508,18660,18689</Clocks>

<Clocks>2,120,1,6417925,18533,18685,18714</Clocks>

<Clocks>2,121,1,6451513,18508,18660,18689</Clocks>

<Clocks>2,122,1,6485060,18508,18660,18689</Clocks>

<Clocks>2,123,1,6518470,18508,18660,18689</Clocks>

<Clocks>2,124,1,6552080,18483,18635,18664</Clocks>

<Clocks>2,125,1,6585656,18483,18635,18664</Clocks>

<Clocks>2,126,1,6619221,18483,18635,18664</Clocks>

<Clocks>2,127,1,6652820,18483,18635,18664</Clocks>

<Clocks>2,64,1,6686354,18483,18635,18664</Clocks>

<Clocks>2,65,1,6719875,18483,18635,18664</Clocks>

<Clocks>2,66,1,6753375,18483,18635,18664</Clocks>

<Clocks>2,67,1,6786750,18483,18635,18664</Clocks>

<Clocks>2,68,1,6820333,18483,18635,18664</Clocks>

<Clocks>2,69,1,6853907,18483,18635,18664</Clocks>

<Clocks>2,70,1,6887472,18483,18635,18664</Clocks>

<Clocks>2,71,1,6921075,18483,18635,18664</Clocks>

<Clocks>2,72,1,6954612,18483,18635,18664</Clocks>

<Clocks>2,73,1,6988130,18483,18635,18664</Clocks>

<Clocks>2,74,1,7021632,18483,18635,18664</Clocks>

<Clocks>2,75,1,7054977,18608,18760,18789</Clocks>

<Clocks>2,76,1,7088699,18608,18760,18789</Clocks>

<Clocks>2,77,1,7122407,18608,18760,18789</Clocks>

<Clocks>2,78,1,7156134,18608,18760,18789</Clocks>

<Clocks>2,79,1,7189821,18533,18685,18714</Clocks>

<Clocks>2,80,1,7223388,18533,18685,18714</Clocks>

<Clocks>2,81,1,7256938,18533,18685,18714</Clocks>

<Clocks>2,82,1,7290500,18533,18685,18714</Clocks>

<Clocks>2,83,1,7323866,18527,18679,18708</Clocks>

<Clocks>2,84,1,7357479,18527,18679,18708</Clocks>

<Clocks>2,85,1,7391088,18527,18679,18708</Clocks>

<Clocks>2,86,1,7424701,18527,18679,18708</Clocks>

<Clocks>2,87,1,7458331,18527,18679,18708</Clocks>

<Clocks>2,88,1,7491914,18527,18679,18708</Clocks>

<Clocks>2,89,1,7525485,18527,18679,18708</Clocks>

<Clocks>2,90,1,7559065,18527,18679,18708</Clocks>

<Clocks>2,91,1,7592453,18527,18679,18708</Clocks>

<Clocks>2,92,1,7626089,18527,18679,18708</Clocks>

<Clocks>2,93,1,7659747,18577,18729,18758</Clocks>

<Clocks>2,94,1,7693424,18533,18685,18714</Clocks>

<Clocks>2,95,1,7727060,18533,18685,18714</Clocks>

<Clocks>2,96,1,7760662,18533,18685,18714</Clocks>

<Clocks>2,97,1,7794278,18533,18685,18714</Clocks>

<Clocks>2,98,1,7827815,18483,18635,18664</Clocks>

<Clocks>2,99,1,7861146,18483,18635,18664</Clocks>

<Clocks>2,100,1,7894709,18483,18635,18664</Clocks>

<Clocks>2,101,1,7928287,18483,18635,18664</Clocks>

<Clocks>2,102,1,7961832,18483,18635,18664</Clocks>

<Clocks>2,103,1,7995384,18483,18635,18664</Clocks>

<Clocks>2,104,1,8028887,18483,18635,18664</Clocks>

<Clocks>2,105,1,8062401,18483,18635,18664</Clocks>

<Clocks>2,106,1,8095875,18483,18635,18664</Clocks>

<Clocks>2,107,1,8129193,18483,18635,18664</Clocks>

<Clocks>2,108,1,8162782,18483,18635,18664</Clocks>

<Clocks>2,109,1,8196364,18483,18635,18664</Clocks>

<Clocks>2,110,1,8229934,18483,18635,18664</Clocks>

<Clocks>2,111,1,8263508,18483,18635,18664</Clocks>

<Clocks>2,112,1,8297085,18508,18660,18689</Clocks>

<Clocks>2,113,1,8330651,18508,18660,18689</Clocks>

<Clocks>2,114,1,8364200,18508,18660,18689</Clocks>

<Clocks>2,115,1,8397592,18583,18735,18764</Clocks>

<Clocks>2,116,1,8431353,18608,18760,18789</Clocks>

<Clocks>2,117,1,8465088,18583,18735,18764</Clocks>

<Clocks>2,118,1,8498780,18583,18735,18764</Clocks>

<Clocks>2,119,1,8532478,18583,18735,18764</Clocks>

<Clocks>2,120,1,8566165,18608,18760,18789</Clocks>

<Clocks>2,121,1,8599818,18583,18735,18764</Clocks>

<Clocks>2,122,1,8633427,18583,18735,18764</Clocks>

<Clocks>2,123,1,8666898,18583,18735,18764</Clocks>

<Clocks>2,124,1,8700592,18558,18710,18739</Clocks>

<Clocks>2,125,1,8734253,18558,18710,18739</Clocks>

<Clocks>2,126,1,8767905,18558,18710,18739</Clocks>

<Clocks>2,127,1,8801584,18558,18710,18739</Clocks>

<Clocks>2,64,1,8835202,18483,18635,18664</Clocks>

<Clocks>2,65,1,8868732,18483,18635,18664</Clocks>

<Clocks>2,66,1,8902242,18483,18635,18664</Clocks>

<Clocks>2,67,1,8935636,18483,18635,18664</Clocks>

<Clocks>2,68,1,8969264,18483,18635,18664</Clocks>

<Clocks>2,69,1,9002873,18483,18635,18664</Clocks>

<Clocks>2,70,1,9036463,18483,18635,18664</Clocks>

<Clocks>2,71,1,9070093,18483,18635,18664</Clocks>

<Clocks>2,72,1,9103644,18483,18635,18664</Clocks>

<Clocks>2,73,1,9137170,18483,18635,18664</Clocks>

<Clocks>2,74,1,9170680,18483,18635,18664</Clocks>

<Clocks>2,75,1,9204025,18527,18679,18708</Clocks>

<Clocks>2,76,1,9237666,18527,18679,18708</Clocks>

<Clocks>2,77,1,9271293,18527,18679,18708</Clocks>

<Clocks>2,78,1,9304939,18527,18679,18708</Clocks>

<Clocks>2,79,1,9338568,18483,18635,18664</Clocks>

<Clocks>2,80,1,9372109,18483,18635,18664</Clocks>

<Clocks>2,81,1,9405635,18483,18635,18664</Clocks>

<Clocks>2,82,1,9439174,18483,18635,18664</Clocks>

<Clocks>2,83,1,9472490,18483,18635,18664</Clocks>

<Clocks>2,84,1,9506059,18483,18635,18664</Clocks>

<Clocks>2,85,1,9539624,18483,18635,18664</Clocks>

<Clocks>2,86,1,9573193,18483,18635,18664</Clocks>

<Clocks>2,87,1,9606755,18483,18635,18664</Clocks>

<Clocks>2,88,1,9640272,18483,18635,18664</Clocks>

<Clocks>2,89,1,9673774,18483,18635,18664</Clocks>

<Clocks>2,90,1,9707284,18483,18635,18664</Clocks>

<Clocks>2,91,1,9740625,18508,18660,18689</Clocks>

<Clocks>2,92,1,9774236,18508,18660,18689</Clocks>

<Clocks>2,93,1,9807871,18508,18660,18689</Clocks>

<Clocks>2,94,1,9841457,18508,18660,18689</Clocks>

<Clocks>2,95,1,9875063,18508,18660,18689</Clocks>

<Clocks>2,96,1,9908629,18508,18660,18689</Clocks>

<Clocks>2,97,1,9942202,18508,18660,18689</Clocks>

<Clocks>2,98,1,9975735,18508,18660,18689</Clocks>

<Clocks>2,99,1,10009103,18508,18660,18689</Clocks>

<Clocks>2,100,1,10042715,18508,18660,18689</Clocks>

<Clocks>2,101,1,10076342,18558,18710,18739</Clocks>

<Clocks>2,102,1,10110019,18558,18710,18739</Clocks>

<Clocks>2,103,1,10143700,18558,18710,18739</Clocks>

<Clocks>2,104,1,10177339,18558,18710,18739</Clocks>

<Clocks>2,105,1,10211015,18583,18735,18764</Clocks>

<Clocks>2,106,1,10244662,18533,18685,18714</Clocks>

<Clocks>2,107,1,10278073,18533,18685,18714</Clocks>

<Clocks>2,108,1,10311760,18533,18685,18714</Clocks>

<Clocks>2,109,1,10345401,18508,18660,18689</Clocks>

<Clocks>2,110,1,10379000,18508,18660,18689</Clocks>

<Clocks>2,111,1,10412605,18508,18660,18689</Clocks>

<Clocks>2,112,1,10446195,18508,18660,18689</Clocks>

<Clocks>2,113,1,10479752,18508,18660,18689</Clocks>

<Clocks>2,114,1,10513287,18508,18660,18689</Clocks>

<Clocks>2,115,1,10546656,18508,18660,18689</Clocks>

<Clocks>2,116,1,10580308,18533,18685,18714</Clocks>

<Clocks>2,117,1,10613958,18508,18660,18689</Clocks>

<Clocks>2,118,1,10647569,18508,18660,18689</Clocks>

<Clocks>2,119,1,10681187,18508,18660,18689</Clocks>

<Clocks>2,120,1,10714785,18508,18660,18689</Clocks>

<Clocks>2,121,1,10748324,18483,18635,18664</Clocks>

<Clocks>2,122,1,10781823,18483,18635,18664</Clocks>

<Clocks>2,123,1,10815190,18558,18710,18739</Clocks>

<Clocks>2,124,1,10848850,18558,18710,18739</Clocks>

<Clocks>2,125,1,10882503,18558,18710,18739</Clocks>

<Clocks>2,126,1,10916143,18558,18710,18739</Clocks>

<Clocks>2,127,1,10949820,18558,18710,18739</Clocks>

<Clocks>2,64,1,10983429,18483,18635,18664</Clocks>
### begin end-of-simulation statistics
11015166	# master cycle counter
11015166	# core cycle counter
4821066	# total executed instructions
0	# total issued fp instructions
## core statistics:
# P  iops      flops     lds       sts       ibytes    obytes    regf_act plbusy    plstgs    plstgrun  pl%busy  pl%eff   ttmax     ttotal    ttsize    tt%occ   ftmax     ftotal    ftsize    ft%occ   xqmax     xqtot     xqavg        
# per-core values
0    1407013   0         213701    316586    1233435   1489652   1.5      2917311   6         9490068   54.2     12.8     2         5264606   256       0.2      2         5798045   32        1.6      1         10983026  9.970822e-01 
1    840564    0         132606    81751     782515    450718    0.0      1727015   6         5426589   52.4     7.6      1         3066901   256       0.1      1         3083167   32        0.9      1         11002231  9.988257e-01 
2    99780     0         21132     6642      72562     53112     0.0      240388    6         663692    46.0     0.9      1         275106    256       0.0      1         322212    32        0.1      1         11014330  9.999241e-01 
3    9038      0         1290      2064      7224      10320     0.0      18103     6         59163     54.5     0.1      1         33675     256       0.0      1         55200     32        0.0      1         11015102  9.999942e-01 
5    2415759   0         351186    382755    2295712   1880340   0.5      5019642   6         15187755  50.4     21.9     1         8632777   256       0.3      1         8632846   32        2.4      0         0         0.000000e+00 
64   843       0         131       131       956       988       0.0      1820      6         5717      52.4     0.0      1         53239     256       0.0      1         53500     32        0.0      0         0         0.000000e+00 
65   763       0         116       124       848       932       0.0      1654      6         5188      52.3     0.0      1         53113     256       0.0      1         53326     32        0.0      0         0         0.000000e+00 
66   763       0         116       124       848       932       0.0      1654      6         5188      52.3     0.0      1         52969     256       0.0      1         53182     32        0.0      0         0         0.000000e+00 
67   763       0         116       124       848       932       0.0      1654      6         5188      52.3     0.0      1         52970     256       0.0      1         53183     32        0.0      0         0         0.000000e+00 
68   763       0         116       124       848       932       0.0      1654      6         5188      52.3     0.0      1         52968     256       0.0      1         53181     32        0.0      0         0         0.000000e+00 
69   763       0         116       124       848       932       0.0      1654      6         5188      52.3     0.0      1         53006     256       0.0      1         53219     32        0.0      0         0         0.000000e+00 
70   763       0         116       124       848       932       0.0      1654      6         5188      52.3     0.0      1         52966     256       0.0      1         53179     32        0.0      0         0         0.000000e+00 
71   763       0         116       124       848       932       0.0      1654      6         5188      52.3     0.0      1         52970     256       0.0      1         53183     32        0.0      0         0         0.000000e+00 
72   763       0         116       124       848       932       0.0      1654      6         5188      52.3     0.0      1         52965     256       0.0      1         53178     32        0.0      0         0         0.000000e+00 
73   763       0         116       124       848       932       0.0      1654      6         5188      52.3     0.0      1         53056     256       0.0      1         53269     32        0.0      0         0         0.000000e+00 
74   763       0         116       124       848       932       0.0      1654      6         5188      52.3     0.0      1         52998     256       0.0      1         53211     32        0.0      0         0         0.000000e+00 
75   763       0         116       124       848       932       0.0      1657      6         5188      52.2     0.0      1         52980     256       0.0      1         53193     32        0.0      0         0         0.000000e+00 
76   763       0         116       124       848       932       0.0      1654      6         5188      52.3     0.0      1         52978     256       0.0      1         53191     32        0.0      0         0         0.000000e+00 
77   763       0         116       124       848       932       0.0      1654      6         5188      52.3     0.0      1         52975     256       0.0      1         53188     32        0.0      0         0         0.000000e+00 
78   763       0         116       124       848       932       0.0      1654      6         5188      52.3     0.0      1         52976     256       0.0      1         53189     32        0.0      0         0         0.000000e+00 
79   763       0         116       124       848       932       0.0      1654      6         5188      52.3     0.0      1         52961     256       0.0      1         53174     32        0.0      0         0         0.000000e+00 
80   763       0         116       124       848       932       0.0      1654      6         5188      52.3     0.0      1         52962     256       0.0      1         53175     32        0.0      0         0         0.000000e+00 
81   763       0         116       124       848       932       0.0      1654      6         5188      52.3     0.0      1         52992     256       0.0      1         53205     32        0.0      0         0         0.000000e+00 
82   763       0         116       124       848       932       0.0      1654      6         5188      52.3     0.0      1         53003     256       0.0      1         53216     32        0.0      0         0         0.000000e+00 
83   763       0         116       124       848       932       0.0      1654      6         5188      52.3     0.0      1         52968     256       0.0      1         53181     32        0.0      0         0         0.000000e+00 
84   763       0         116       124       848       932       0.0      1654      6         5188      52.3     0.0      1         53000     256       0.0      1         53213     32        0.0      0         0         0.000000e+00 
85   763       0         116       124       848       932       0.0      1654      6         5188      52.3     0.0      1         52968     256       0.0      1         53181     32        0.0      0         0         0.000000e+00 
86   763       0         116       124       848       932       0.0      1654      6         5188      52.3     0.0      1         52973     256       0.0      1         53186     32        0.0      0         0         0.000000e+00 
87   763       0         116       124       848       932       0.0      1654      6         5188      52.3     0.0      1         52972     256       0.0      1         53185     32        0.0      0         0         0.000000e+00 
88   763       0         116       124       848       932       0.0      1654      6         5188      52.3     0.0      1         53034     256       0.0      1         53247     32        0.0      0         0         0.000000e+00 
89   763       0         116       124       848       932       0.0      1654      6         5188      52.3     0.0      1         52997     256       0.0      1         53210     32        0.0      0         0         0.000000e+00 
90   763       0         116       124       848       932       0.0      1657      6         5188      52.2     0.0      1         52992     256       0.0      1         53205     32        0.0      0         0         0.000000e+00 
91   763       0         116       124       848       932       0.0      1654      6         5188      52.3     0.0      1         53001     256       0.0      1         53214     32        0.0      0         0         0.000000e+00 
92   763       0         116       124       848       932       0.0      1654      6         5188      52.3     0.0      1         52957     256       0.0      1         53170     32        0.0      0         0         0.000000e+00 
93   763       0         116       124       848       932       0.0      1654      6         5188      52.3     0.0      1         52986     256       0.0      1         53199     32        0.0      0         0         0.000000e+00 
94   763       0         116       124       848       932       0.0      1654      6         5188      52.3     0.0      1         52976     256       0.0      1         53189     32        0.0      0         0         0.000000e+00 
95   763       0         116       124       848       932       0.0      1654      6         5188      52.3     0.0      1         52973     256       0.0      1         53186     32        0.0      0         0         0.000000e+00 
96   763       0         116       124       848       932       0.0      1654      6         5188      52.3     0.0      1         52969     256       0.0      1         53182     32        0.0      0         0         0.000000e+00 
97   763       0         116       124       848       932       0.0      1654      6         5188      52.3     0.0      1         52991     256       0.0      1         53204     32        0.0      0         0         0.000000e+00 
98   763       0         116       124       848       932       0.0      1654      6         5188      52.3     0.0      1         52979     256       0.0      1         53192     32        0.0      0         0         0.000000e+00 
99   763       0         116       124       848       932       0.0      1654      6         5188      52.3     0.0      1         53045     256       0.0      1         53258     32        0.0      0         0         0.000000e+00 
100  763       0         116       124       848       932       0.0      1654      6         5188      52.3     0.0      1         53181     256       0.0      1         53394     32        0.0      0         0         0.000000e+00 
101  763       0         116       124       848       932       0.0      1654      6         5188      52.3     0.0      1         53190     256       0.0      1         53403     32        0.0      0         0         0.000000e+00 
102  763       0         116       124       848       932       0.0      1654      6         5188      52.3     0.0      1         53193     256       0.0      1         53406     32        0.0      0         0         0.000000e+00 
103  763       0         116       124       848       932       0.0      1654      6         5188      52.3     0.0      1         53200     256       0.0      1         53413     32        0.0      0         0         0.000000e+00 
104  763       0         116       124       848       932       0.0      1654      6         5188      52.3     0.0      1         53219     256       0.0      1         53432     32        0.0      0         0         0.000000e+00 
105  763       0         116       124       848       932       0.0      1657      6         5188      52.2     0.0      1         53210     256       0.0      1         53423     32        0.0      0         0         0.000000e+00 
106  763       0         116       124       848       932       0.0      1654      6         5188      52.3     0.0      1         53155     256       0.0      1         53368     32        0.0      0         0         0.000000e+00 
107  763       0         116       124       848       932       0.0      1654      6         5188      52.3     0.0      1         53217     256       0.0      1         53430     32        0.0      0         0         0.000000e+00 
108  763       0         116       124       848       932       0.0      1654      6         5188      52.3     0.0      1         53183     256       0.0      1         53396     32        0.0      0         0         0.000000e+00 
109  763       0         116       124       848       932       0.0      1654      6         5188      52.3     0.0      1         53174     256       0.0      1         53387     32        0.0      0         0         0.000000e+00 
110  763       0         116       124       848       932       0.0      1654      6         5188      52.3     0.0      1         53183     256       0.0      1         53396     32        0.0      0         0         0.000000e+00 
111  763       0         116       124       848       932       0.0      1654      6         5188      52.3     0.0      1         53188     256       0.0      1         53401     32        0.0      0         0         0.000000e+00 
112  763       0         116       124       848       932       0.0      1654      6         5188      52.3     0.0      1         53174     256       0.0      1         53387     32        0.0      0         0         0.000000e+00 
113  763       0         116       124       848       932       0.0      1654      6         5188      52.3     0.0      1         53210     256       0.0      1         53423     32        0.0      0         0         0.000000e+00 
114  763       0         116       124       848       932       0.0      1654      6         5188      52.3     0.0      1         53187     256       0.0      1         53400     32        0.0      0         0         0.000000e+00 
115  763       0         116       124       848       932       0.0      1654      6         5188      52.3     0.0      1         53183     256       0.0      1         53396     32        0.0      0         0         0.000000e+00 
116  763       0         116       124       848       932       0.0      1654      6         5188      52.3     0.0      1         53191     256       0.0      1         53404     32        0.0      0         0         0.000000e+00 
117  763       0         116       124       848       932       0.0      1654      6         5188      52.3     0.0      1         53181     256       0.0      1         53394     32        0.0      0         0         0.000000e+00 
118  763       0         116       124       848       932       0.0      1654      6         5188      52.3     0.0      1         53206     256       0.0      1         53419     32        0.0      0         0         0.000000e+00 
119  763       0         116       124       848       932       0.0      1654      6         5188      52.3     0.0      1         53191     256       0.0      1         53404     32        0.0      0         0         0.000000e+00 
120  763       0         116       124       848       932       0.0      1657      6         5188      52.2     0.0      1         53171     256       0.0      1         53384     32        0.0      0         0         0.000000e+00 
121  763       0         116       124       848       932       0.0      1654      6         5188      52.3     0.0      1         53235     256       0.0      1         53448     32        0.0      0         0         0.000000e+00 
122  763       0         116       124       848       932       0.0      1654      6         5188      52.3     0.0      1         53226     256       0.0      1         53439     32        0.0      0         0         0.000000e+00 
123  763       0         116       124       848       932       0.0      1654      6         5188      52.3     0.0      1         53178     256       0.0      1         53391     32        0.0      0         0         0.000000e+00 
124  763       0         116       124       848       932       0.0      1654      6         5188      52.3     0.0      1         53180     256       0.0      1         53393     32        0.0      0         0         0.000000e+00 
125  763       0         116       124       848       932       0.0      1654      6         5188      52.3     0.0      1         53202     256       0.0      1         53415     32        0.0      0         0         0.000000e+00 
126  763       0         116       124       848       932       0.0      1654      6         5188      52.3     0.0      1         53175     256       0.0      1         53388     32        0.0      0         0         0.000000e+00 
127  763       0         116       124       848       932       0.0      1654      6         5188      52.3     0.0      1         53180     256       0.0      1         53393     32        0.0      0         0         0.000000e+00 
# cumulative - all active cores
69   4821066   0         727354    797741    4445828   3943846   2.2      10028493  414       31159828  3602.9   43.8     70        20670256  17664     0.7      70        21302341  2208      6.0      4         44014689  3.995826e+00 
# average per core = cumulative/69
69   69870.52  0.00      10541.36  11561.46  64432.29  57157.19  0.0      145340.48 6.00      451591.72 52.2     0.6      1.01      299568.94 256.00    0.0      1.01      308729.56 32.00     0.1      0.06      637894.00 5.791053e-02 
## descriptions:
# P: core ID / number of active cores
# iops: number of instructions executed
# flops: number of floating-point instructions issued
# lds: number of load instructions executed
# sts: number of store instructions executed
# ibytes: number of bytes loaded from L1 cache into core
# obytes: number of bytes stored into L1 cache from core
# regf_act: register file async port activity (= 100. * ncycles_asyncport_busy / ncorecycles_total)
# plbusy: number of corecycles the pipeline was active
# plstgs: number of pipeline stages
# plstgrun: cumulative number of corecycles active in all pipeline stages
# pl%busy: pipeline efficiency while active (= 100. * plstgrun / plstgs / plbusy)
# pl%eff: pipeline efficiency total (= 100. * iops / ncorecycles_total)
# ttmax: maximum of thread entries simulatenously allocated
# ttotal: cumulative number of thread entries busy (over mastertime)
# ttsize: thread table size
# tt%occ: thread table occupancy (= 100. * ttotal / ttsize / nmastercycles_total)
# ttmax: maximum of family entries simulatenously allocated
# ftotal: cumulative number of family entries busy (over mastertime)
# ftsize: family table size
# ft%occ: family table occupancy (= 100. * ftotal / ftsize / nmastercycles_total)
# xqmax: high water mark of the exclusive allocate queue size
# xqtot: cumulative exclusive allocate queue size (over mastertime)
# xqavg: average size of the exclusive allocate queue (= xqtot / nmastercycles_total)
## memory statistics:
116144	# number of load reqs. by the L1 cache from L2
7433216	# number of bytes loaded by the L1 cache from L2
863732	# number of store reqs. by the L1 cache to L2
20405344	# number of bytes stored by the L1 cache to L2
116144	# number of cache lines read from the ext. mem. interface
863732	# number of cache lines written to the ext. mem. interface
### end end-of-simulation statistics
