* input data: env at 0x43000000, 3830 bytes. [+29367]
* strings at 0x80000010, environ[63] at 0x80000f10. [+30417]
* heap at 0x80000000, 10737418240 bytes. [+351]
* input data: fibre at 0x80001140, 32 bytes. [+1479]
* input data: slr vars at 0x80001118, 16 bytes. [+866]
* connected to I/O, 16 devices, 8 notification channels. [+767]
* smc at 0x4e000000, enumerates 15 devices. [+513]
* I/O enumeration data at 0x10000000. [+1282]
* uart at 0x44000000. [+1217]
* rpc interface at 0x45000000. [+608]
* lcd at 0x46000000, size 80x25. [+453]
* lcd at 0x47000000, size 16x2. [+369]
* rtc at 0x48000000. [+306]
* gfxctl at 0x49000000, framebuffer at 0x4a000000. [+613]
* argument ROM at 0x4c000000. [+815]
* configuration ROM at 0x4d000000. [+527]
* input data: arguments at 0x80001168, argv[2] at 0x800011a8, 54 bytes. [+3033]
* reading configuration...
  - core frequency: 1000MHz.
  - 256 thread and 32 family entries per core.
  - system version: 3.2.61-d2aa8.
  - master frequency: 4000MHz.
  done. [+244807]
* SEP init: setting up for 128 cores...  done. [+2684]
* allocating places for the C stdlib... success: stdio at 0x103, malloc at 0x105, dtoa at 0x107 [+2658]
* -n 1 -> request to SEP... success, t_main goes to pid=0x109 [+7703]
* init compiled with slc 3.7b.40-c437a2.

Microgrid says:  h e l l o  w o r l d !

init done, program will start now; core cycles so far: 349052
Program from config ./cfg/bulknull.cfg
Returning from Loader main

<Clocks>2,65,1,2296352,17303,17536,17571</Clocks>

<Clocks>2,66,1,2329843,16289,16521,16556</Clocks>

<Clocks>2,67,1,2361077,16289,16521,16556</Clocks>

<Clocks>2,68,1,2392362,16270,16637,16741</Clocks>

<Clocks>2,69,1,2423922,16270,16503,16538</Clocks>

<Clocks>2,70,1,2455165,16270,16502,16537</Clocks>

<Clocks>2,71,1,2486645,16270,16475,16510</Clocks>

<Clocks>2,72,1,2517834,16270,16650,16754</Clocks>

<Clocks>2,73,1,2549111,16270,16503,16538</Clocks>

<Clocks>2,74,1,2580308,16270,16502,16537</Clocks>

<Clocks>2,75,1,2611484,16281,16486,16521</Clocks>

<Clocks>2,76,1,2642830,16281,16666,16770</Clocks>

<Clocks>2,77,1,2674168,16281,16514,16549</Clocks>

<Clocks>2,78,1,2705550,16281,16513,16548</Clocks>

<Clocks>2,79,1,2736798,16270,16503,16538</Clocks>

<Clocks>2,80,1,2768286,16270,16654,16758</Clocks>

<Clocks>2,81,1,2799501,16270,16503,16538</Clocks>

<Clocks>2,82,1,2830785,16270,16503,16538</Clocks>

<Clocks>2,83,1,2861941,16270,16503,16538</Clocks>

<Clocks>2,84,1,2893316,16270,16655,16777</Clocks>

<Clocks>2,85,1,2924862,16270,16502,16537</Clocks>

<Clocks>2,86,1,2956145,16270,16476,16511</Clocks>

<Clocks>2,87,1,2987486,16270,16475,16510</Clocks>

<Clocks>2,88,1,3018699,16270,16655,16759</Clocks>

<Clocks>2,89,1,3050000,16270,16475,16510</Clocks>

<Clocks>2,90,1,3081306,16294,16499,16534</Clocks>

<Clocks>2,91,1,3112393,16294,16527,16562</Clocks>

<Clocks>2,92,1,3143666,16294,16655,16759</Clocks>

<Clocks>2,93,1,3175114,16294,16526,16561</Clocks>

<Clocks>2,94,1,3206557,16270,16475,16510</Clocks>

<Clocks>2,95,1,3238170,16270,16475,16510</Clocks>

<Clocks>2,96,1,3269720,16270,16705,16845</Clocks>

<Clocks>2,97,1,3301247,16268,16491,16526</Clocks>

<Clocks>2,98,1,3332574,16268,16491,16526</Clocks>

<Clocks>2,99,1,3363751,16268,16510,16545</Clocks>

<Clocks>2,100,1,3395067,16268,16721,16861</Clocks>

<Clocks>2,101,1,3426773,16276,16526,16561</Clocks>

<Clocks>2,102,1,3458053,16276,16499,16534</Clocks>

<Clocks>2,103,1,3489439,16276,16499,16534</Clocks>

<Clocks>2,104,1,3520707,16276,16729,16869</Clocks>

<Clocks>2,105,1,3552185,16276,16499,16534</Clocks>

<Clocks>2,106,1,3583424,16268,16491,16526</Clocks>

<Clocks>2,107,1,3614482,16279,16502,16537</Clocks>

<Clocks>2,108,1,3645903,16287,16740,16880</Clocks>

<Clocks>2,109,1,3677378,16287,16510,16545</Clocks>

<Clocks>2,110,1,3708763,16287,16510,16545</Clocks>

<Clocks>2,111,1,3740061,16287,16529,16564</Clocks>

<Clocks>2,112,1,3771722,16295,16748,16888</Clocks>

<Clocks>2,113,1,3803093,16287,16510,16545</Clocks>

<Clocks>2,114,1,3834354,16287,16529,16564</Clocks>

<Clocks>2,115,1,3865532,16276,16499,16534</Clocks>

<Clocks>2,116,1,3896913,16276,16729,16869</Clocks>

<Clocks>2,117,1,3928564,16276,16526,16561</Clocks>

<Clocks>2,118,1,3959854,16276,16499,16534</Clocks>

<Clocks>2,119,1,3991252,16276,16499,16534</Clocks>

<Clocks>2,120,1,4022655,16284,16737,16877</Clocks>

<Clocks>2,121,1,4054074,16276,16499,16534</Clocks>

<Clocks>2,122,1,4085355,16276,16499,16534</Clocks>

<Clocks>2,123,1,4116573,16276,16499,16534</Clocks>

<Clocks>2,124,1,4147941,16268,16719,16859</Clocks>

<Clocks>2,125,1,4179316,16268,16491,16526</Clocks>

<Clocks>2,126,1,4210861,16268,16491,16526</Clocks>

<Clocks>2,127,1,4242562,16276,16499,16534</Clocks>

<Clocks>2,64,1,4274148,16276,16444,16473</Clocks>

<Clocks>2,65,1,4305489,16276,16444,16473</Clocks>

<Clocks>2,66,1,4336816,16276,16444,16473</Clocks>

<Clocks>2,67,1,4368073,16276,16444,16473</Clocks>

<Clocks>2,68,1,4399394,16268,16436,16465</Clocks>

<Clocks>2,69,1,4430860,16268,16436,16465</Clocks>

<Clocks>2,70,1,4462123,16268,16436,16465</Clocks>

<Clocks>2,71,1,4493551,16268,16436,16465</Clocks>

<Clocks>2,72,1,4524809,16268,16436,16465</Clocks>

<Clocks>2,73,1,4556062,16268,16436,16465</Clocks>

<Clocks>2,74,1,4587270,16268,16436,16465</Clocks>

<Clocks>2,75,1,4618388,16292,16460,16489</Clocks>

<Clocks>2,76,1,4649725,16292,16460,16489</Clocks>

<Clocks>2,77,1,4681039,16292,16460,16489</Clocks>

<Clocks>2,78,1,4712533,16292,16460,16489</Clocks>

<Clocks>2,79,1,4743815,16292,16460,16489</Clocks>

<Clocks>2,80,1,4775415,16292,16460,16489</Clocks>

<Clocks>2,81,1,4806688,16292,16460,16489</Clocks>

<Clocks>2,82,1,4838068,16292,16460,16489</Clocks>

<Clocks>2,83,1,4869202,16276,16444,16473</Clocks>

<Clocks>2,84,1,4900598,16276,16444,16473</Clocks>

<Clocks>2,85,1,4932061,16276,16444,16473</Clocks>

<Clocks>2,86,1,4963447,16276,16444,16473</Clocks>

<Clocks>2,87,1,4994800,16276,16444,16473</Clocks>

<Clocks>2,88,1,5026020,16276,16444,16473</Clocks>

<Clocks>2,89,1,5057279,16276,16444,16473</Clocks>

<Clocks>2,90,1,5088580,16287,16455,16484</Clocks>

<Clocks>2,91,1,5119652,16287,16455,16484</Clocks>

<Clocks>2,92,1,5150988,16287,16455,16484</Clocks>

<Clocks>2,93,1,5182426,16287,16455,16484</Clocks>

<Clocks>2,94,1,5214009,16276,16444,16473</Clocks>

<Clocks>2,95,1,5245533,16276,16444,16473</Clocks>

<Clocks>2,96,1,5277078,16276,16444,16473</Clocks>

<Clocks>2,97,1,5308507,16276,16444,16473</Clocks>

<Clocks>2,98,1,5339821,16276,16444,16473</Clocks>

<Clocks>2,99,1,5370974,16276,16444,16473</Clocks>

<Clocks>2,100,1,5402296,16276,16444,16473</Clocks>

<Clocks>2,101,1,5433818,16295,16463,16492</Clocks>

<Clocks>2,102,1,5465091,16295,16463,16492</Clocks>

<Clocks>2,103,1,5496454,16295,16463,16492</Clocks>

<Clocks>2,104,1,5527724,16295,16463,16492</Clocks>

<Clocks>2,105,1,5559041,16295,16463,16492</Clocks>

<Clocks>2,106,1,5590303,16276,16444,16473</Clocks>

<Clocks>2,107,1,5621388,16268,16436,16465</Clocks>

<Clocks>2,108,1,5652757,16268,16436,16465</Clocks>

<Clocks>2,109,1,5684045,16268,16436,16465</Clocks>

<Clocks>2,110,1,5715415,16268,16436,16465</Clocks>

<Clocks>2,111,1,5746664,16268,16436,16465</Clocks>

<Clocks>2,112,1,5778294,16276,16444,16473</Clocks>

<Clocks>2,113,1,5809545,16276,16444,16473</Clocks>

<Clocks>2,114,1,5840813,16276,16444,16473</Clocks>

<Clocks>2,115,1,5871944,16276,16444,16473</Clocks>

<Clocks>2,116,1,5903363,16284,16452,16481</Clocks>

<Clocks>2,117,1,5934880,16276,16444,16473</Clocks>

<Clocks>2,118,1,5966166,16276,16444,16473</Clocks>

<Clocks>2,119,1,5997547,16276,16444,16473</Clocks>

<Clocks>2,120,1,6028891,16284,16452,16481</Clocks>

<Clocks>2,121,1,6060142,16276,16444,16473</Clocks>

<Clocks>2,122,1,6091385,16276,16444,16473</Clocks>

<Clocks>2,123,1,6122591,16276,16444,16473</Clocks>

<Clocks>2,124,1,6153909,16268,16436,16465</Clocks>

<Clocks>2,125,1,6185219,16268,16436,16465</Clocks>

<Clocks>2,126,1,6216795,16268,16436,16465</Clocks>

<Clocks>2,127,1,6248455,16268,16436,16465</Clocks>

<Clocks>2,64,1,6279992,16268,16436,16465</Clocks>

<Clocks>2,65,1,6311285,16268,16436,16465</Clocks>

<Clocks>2,66,1,6342600,16268,16436,16465</Clocks>

<Clocks>2,67,1,6373891,16268,16436,16465</Clocks>

<Clocks>2,68,1,6405201,16268,16436,16465</Clocks>

<Clocks>2,69,1,6436669,16268,16436,16465</Clocks>

<Clocks>2,70,1,6467931,16268,16436,16465</Clocks>

<Clocks>2,71,1,6499352,16268,16436,16465</Clocks>

<Clocks>2,72,1,6530608,16268,16436,16465</Clocks>

<Clocks>2,73,1,6561860,16268,16436,16465</Clocks>

<Clocks>2,74,1,6593068,16268,16436,16465</Clocks>

<Clocks>2,75,1,6624186,16311,16479,16508</Clocks>

<Clocks>2,76,1,6655542,16311,16479,16508</Clocks>

<Clocks>2,77,1,6686875,16311,16479,16508</Clocks>

<Clocks>2,78,1,6718388,16311,16479,16508</Clocks>

<Clocks>2,79,1,6749687,16287,16455,16484</Clocks>

<Clocks>2,80,1,6781283,16287,16455,16484</Clocks>

<Clocks>2,81,1,6812553,16287,16455,16484</Clocks>

<Clocks>2,82,1,6843941,16287,16455,16484</Clocks>

<Clocks>2,83,1,6875071,16279,16447,16476</Clocks>

<Clocks>2,84,1,6906443,16279,16447,16476</Clocks>

<Clocks>2,85,1,6937920,16279,16447,16476</Clocks>

<Clocks>2,86,1,6969309,16279,16447,16476</Clocks>

<Clocks>2,87,1,7000667,16279,16447,16476</Clocks>

<Clocks>2,88,1,7031932,16279,16447,16476</Clocks>

<Clocks>2,89,1,7063192,16279,16447,16476</Clocks>

<Clocks>2,90,1,7094514,16279,16447,16476</Clocks>

<Clocks>2,91,1,7125577,16279,16447,16476</Clocks>

<Clocks>2,92,1,7156905,16279,16447,16476</Clocks>

<Clocks>2,93,1,7188341,16297,16465,16494</Clocks>

<Clocks>2,94,1,7219934,16287,16455,16484</Clocks>

<Clocks>2,95,1,7251468,16287,16455,16484</Clocks>

<Clocks>2,96,1,7283015,16287,16455,16484</Clocks>

<Clocks>2,97,1,7314455,16287,16455,16484</Clocks>

<Clocks>2,98,1,7345789,16268,16436,16465</Clocks>

<Clocks>2,99,1,7376934,16268,16436,16465</Clocks>

<Clocks>2,100,1,7408272,16268,16436,16465</Clocks>

<Clocks>2,101,1,7439791,16268,16436,16465</Clocks>

<Clocks>2,102,1,7471037,16268,16436,16465</Clocks>

<Clocks>2,103,1,7502360,16268,16436,16465</Clocks>

<Clocks>2,104,1,7533640,16268,16436,16465</Clocks>

<Clocks>2,105,1,7564924,16268,16436,16465</Clocks>

<Clocks>2,106,1,7596155,16268,16436,16465</Clocks>

<Clocks>2,107,1,7627232,16268,16436,16465</Clocks>

<Clocks>2,108,1,7658601,16268,16436,16465</Clocks>

<Clocks>2,109,1,7689893,16268,16436,16465</Clocks>

<Clocks>2,110,1,7721314,16268,16436,16465</Clocks>

<Clocks>2,111,1,7752568,16268,16436,16465</Clocks>

<Clocks>2,112,1,7784224,16276,16444,16473</Clocks>

<Clocks>2,113,1,7815474,16276,16444,16473</Clocks>

<Clocks>2,114,1,7846755,16276,16444,16473</Clocks>

<Clocks>2,115,1,7877889,16300,16468,16497</Clocks>

<Clocks>2,116,1,7909334,16308,16476,16505</Clocks>

<Clocks>2,117,1,7940847,16300,16468,16497</Clocks>

<Clocks>2,118,1,7972158,16300,16468,16497</Clocks>

<Clocks>2,119,1,8003564,16300,16468,16497</Clocks>

<Clocks>2,120,1,8034956,16308,16476,16505</Clocks>

<Clocks>2,121,1,8066232,16300,16468,16497</Clocks>

<Clocks>2,122,1,8097500,16300,16468,16497</Clocks>

<Clocks>2,123,1,8128779,16300,16468,16497</Clocks>

<Clocks>2,124,1,8160122,16292,16460,16489</Clocks>

<Clocks>2,125,1,8191456,16292,16460,16489</Clocks>

<Clocks>2,126,1,8223055,16292,16460,16489</Clocks>

<Clocks>2,127,1,8254684,16292,16460,16489</Clocks>

<Clocks>2,64,1,8286258,16268,16436,16465</Clocks>

<Clocks>2,65,1,8317552,16268,16436,16465</Clocks>

<Clocks>2,66,1,8348856,16268,16436,16465</Clocks>

<Clocks>2,67,1,8380048,16268,16436,16465</Clocks>

<Clocks>2,68,1,8411384,16268,16436,16465</Clocks>

<Clocks>2,69,1,8442850,16268,16436,16465</Clocks>

<Clocks>2,70,1,8474143,16268,16436,16465</Clocks>

<Clocks>2,71,1,8505567,16268,16436,16465</Clocks>

<Clocks>2,72,1,8536825,16268,16436,16465</Clocks>

<Clocks>2,73,1,8568078,16268,16436,16465</Clocks>

<Clocks>2,74,1,8599286,16268,16436,16465</Clocks>

<Clocks>2,75,1,8630406,16279,16447,16476</Clocks>

<Clocks>2,76,1,8661730,16279,16447,16476</Clocks>

<Clocks>2,77,1,8693031,16279,16447,16476</Clocks>

<Clocks>2,78,1,8724509,16279,16447,16476</Clocks>

<Clocks>2,79,1,8755778,16268,16436,16465</Clocks>

<Clocks>2,80,1,8787353,16268,16436,16465</Clocks>

<Clocks>2,81,1,8818602,16268,16436,16465</Clocks>

<Clocks>2,82,1,8849955,16268,16436,16465</Clocks>

<Clocks>2,83,1,8881066,16268,16436,16465</Clocks>

<Clocks>2,84,1,8912427,16268,16436,16465</Clocks>

<Clocks>2,85,1,8943870,16268,16436,16465</Clocks>

<Clocks>2,86,1,8975248,16268,16436,16465</Clocks>

<Clocks>2,87,1,9006593,16268,16436,16465</Clocks>

<Clocks>2,88,1,9037805,16268,16436,16465</Clocks>

<Clocks>2,89,1,9069056,16268,16436,16465</Clocks>

<Clocks>2,90,1,9100313,16268,16436,16465</Clocks>

<Clocks>2,91,1,9131416,16276,16444,16473</Clocks>

<Clocks>2,92,1,9162716,16276,16444,16473</Clocks>

<Clocks>2,93,1,9194073,16276,16444,16473</Clocks>

<Clocks>2,94,1,9225600,16276,16444,16473</Clocks>

<Clocks>2,95,1,9257122,16276,16444,16473</Clocks>

<Clocks>2,96,1,9288658,16276,16444,16473</Clocks>

<Clocks>2,97,1,9320086,16276,16444,16473</Clocks>

<Clocks>2,98,1,9351409,16276,16444,16473</Clocks>

<Clocks>2,99,1,9382527,16276,16444,16473</Clocks>

<Clocks>2,100,1,9413846,16276,16444,16473</Clocks>

<Clocks>2,101,1,9445359,16295,16463,16492</Clocks>

<Clocks>2,102,1,9476632,16295,16463,16492</Clocks>

<Clocks>2,103,1,9507995,16295,16463,16492</Clocks>

<Clocks>2,104,1,9539265,16295,16463,16492</Clocks>

<Clocks>2,105,1,9570581,16303,16471,16500</Clocks>

<Clocks>2,106,1,9601894,16284,16452,16481</Clocks>

<Clocks>2,107,1,9633001,16284,16452,16481</Clocks>

<Clocks>2,108,1,9664454,16284,16452,16481</Clocks>

<Clocks>2,109,1,9695759,16276,16444,16473</Clocks>

<Clocks>2,110,1,9727189,16276,16444,16473</Clocks>

<Clocks>2,111,1,9758451,16276,16444,16473</Clocks>

<Clocks>2,112,1,9790133,16276,16444,16473</Clocks>

<Clocks>2,113,1,9821384,16276,16444,16473</Clocks>

<Clocks>2,114,1,9852723,16276,16444,16473</Clocks>

<Clocks>2,115,1,9883854,16276,16444,16473</Clocks>

<Clocks>2,116,1,9915276,16284,16452,16481</Clocks>

<Clocks>2,117,1,9946762,16276,16444,16473</Clocks>

<Clocks>2,118,1,9978048,16276,16444,16473</Clocks>

<Clocks>2,119,1,10009429,16276,16444,16473</Clocks>

<Clocks>2,120,1,10040791,16276,16444,16473</Clocks>

<Clocks>2,121,1,10072047,16268,16436,16465</Clocks>

<Clocks>2,122,1,10103295,16268,16436,16465</Clocks>

<Clocks>2,123,1,10134479,16292,16460,16489</Clocks>

<Clocks>2,124,1,10165818,16292,16460,16489</Clocks>

<Clocks>2,125,1,10197155,16292,16460,16489</Clocks>

<Clocks>2,126,1,10228711,16292,16460,16489</Clocks>

<Clocks>2,127,1,10260478,16292,16460,16489</Clocks>

<Clocks>2,64,1,10292080,16268,16436,16465</Clocks>
### begin end-of-simulation statistics
41271116	# master cycle counter
10317779	# core cycle counter
4831208	# total executed instructions
0	# total issued fp instructions
## core statistics:
# P  iops      flops     lds       sts       ibytes    obytes    regf_act plbusy    plstgs    plstgrun  pl%busy  pl%eff   ttmax     ttotal    ttsize    tt%occ   ftmax     ftotal    ftsize    ft%occ   xqmax     xqtot     xqavg        
# per-core values
0    1407905   0         213970    316727    1234612   1490759   1.7      2932628   6         9497227   54.0     13.6     2         20480780  256       0.2      2         22910160  32        1.7      1         41166600  9.974676e-01 
1    840094    0         132593    81718     782495    450678    0.0      1728140   6         5426245   52.3     8.1      1         8378916   256       0.1      1         8462516   32        0.6      1         41234732  9.991184e-01 
2    99700     0         21112     6642      72542     53112     0.0      240442    6         663314    46.0     1.0      1         1107364   256       0.0      1         1326184   32        0.1      1         41267608  9.999150e-01 
3    9038      0         1290      2064      7224      10320     0.0      18098     6         59157     54.5     0.1      1         238452    256       0.0      1         347848    32        0.0      1         41270656  9.999889e-01 
5    2425271   0         351186    382755    2295712   1880340   0.5      5071730   6         15261067  50.2     23.5     1         32357524  256       0.3      1         32358088  32        2.5      0         0         0.000000e+00 
64   848       0         131       131       956       988       0.0      1840      6         5744      52.0     0.0      1         152168    256       0.0      1         153956    32        0.0      0         0         0.000000e+00 
65   766       0         116       124       848       932       0.0      1668      6         5206      52.0     0.0      1         171584    256       0.0      1         172836    32        0.0      0         0         0.000000e+00 
66   768       0         116       124       848       932       0.0      1669      6         5206      52.0     0.0      1         149940    256       0.0      1         151192    32        0.0      0         0         0.000000e+00 
67   768       0         116       124       848       932       0.0      1669      6         5206      52.0     0.0      1         150356    256       0.0      1         151608    32        0.0      0         0         0.000000e+00 
68   766       0         116       124       848       932       0.0      1673      6         5215      52.0     0.0      1         153848    256       0.0      1         155308    32        0.0      0         0         0.000000e+00 
69   768       0         116       124       848       932       0.0      1669      6         5206      52.0     0.0      1         148912    256       0.0      1         150164    32        0.0      0         0         0.000000e+00 
70   768       0         116       124       848       932       0.0      1669      6         5206      52.0     0.0      1         149044    256       0.0      1         150296    32        0.0      0         0         0.000000e+00 
71   768       0         116       124       848       932       0.0      1669      6         5206      52.0     0.0      1         148852    256       0.0      1         150104    32        0.0      0         0         0.000000e+00 
72   766       0         116       124       848       932       0.0      1673      6         5215      52.0     0.0      1         152444    256       0.0      1         153904    32        0.0      0         0         0.000000e+00 
73   768       0         116       124       848       932       0.0      1669      6         5206      52.0     0.0      1         149068    256       0.0      1         150320    32        0.0      0         0         0.000000e+00 
74   768       0         116       124       848       932       0.0      1669      6         5206      52.0     0.0      1         149120    256       0.0      1         150372    32        0.0      0         0         0.000000e+00 
75   768       0         116       124       848       932       0.0      1669      6         5206      52.0     0.0      1         148984    256       0.0      1         150236    32        0.0      0         0         0.000000e+00 
76   766       0         116       124       848       932       0.0      1673      6         5215      52.0     0.0      1         152544    256       0.0      1         154004    32        0.0      0         0         0.000000e+00 
77   768       0         116       124       848       932       0.0      1669      6         5206      52.0     0.0      1         149112    256       0.0      1         150364    32        0.0      0         0         0.000000e+00 
78   768       0         116       124       848       932       0.0      1669      6         5206      52.0     0.0      1         149116    256       0.0      1         150368    32        0.0      0         0         0.000000e+00 
79   768       0         116       124       848       932       0.0      1669      6         5206      52.0     0.0      1         148996    256       0.0      1         150248    32        0.0      0         0         0.000000e+00 
80   766       0         116       124       848       932       0.0      1673      6         5215      52.0     0.0      1         152664    256       0.0      1         154124    32        0.0      0         0         0.000000e+00 
81   768       0         116       124       848       932       0.0      1669      6         5206      52.0     0.0      1         151636    256       0.0      1         152888    32        0.0      0         0         0.000000e+00 
82   768       0         116       124       848       932       0.0      1669      6         5206      52.0     0.0      1         149704    256       0.0      1         150956    32        0.0      0         0         0.000000e+00 
83   768       0         116       124       848       932       0.0      1669      6         5206      52.0     0.0      1         151812    256       0.0      1         153064    32        0.0      0         0         0.000000e+00 
84   766       0         116       124       848       932       0.0      1673      6         5215      52.0     0.0      1         153988    256       0.0      1         155448    32        0.0      0         0         0.000000e+00 
85   768       0         116       124       848       932       0.0      1669      6         5206      52.0     0.0      1         148992    256       0.0      1         150244    32        0.0      0         0         0.000000e+00 
86   768       0         116       124       848       932       0.0      1669      6         5206      52.0     0.0      1         148944    256       0.0      1         150196    32        0.0      0         0         0.000000e+00 
87   768       0         116       124       848       932       0.0      1669      6         5206      52.0     0.0      1         149032    256       0.0      1         150284    32        0.0      0         0         0.000000e+00 
88   766       0         116       124       848       932       0.0      1673      6         5215      52.0     0.0      1         152544    256       0.0      1         154004    32        0.0      0         0         0.000000e+00 
89   768       0         116       124       848       932       0.0      1669      6         5206      52.0     0.0      1         148840    256       0.0      1         150092    32        0.0      0         0         0.000000e+00 
90   768       0         116       124       848       932       0.0      1669      6         5206      52.0     0.0      1         148800    256       0.0      1         150052    32        0.0      0         0         0.000000e+00 
91   768       0         116       124       848       932       0.0      1669      6         5206      52.0     0.0      1         149012    256       0.0      1         150264    32        0.0      0         0         0.000000e+00 
92   766       0         116       124       848       932       0.0      1673      6         5215      52.0     0.0      1         152352    256       0.0      1         153812    32        0.0      0         0         0.000000e+00 
93   768       0         116       124       848       932       0.0      1669      6         5206      52.0     0.0      1         149232    256       0.0      1         150484    32        0.0      0         0         0.000000e+00 
94   768       0         116       124       848       932       0.0      1669      6         5206      52.0     0.0      1         148992    256       0.0      1         150244    32        0.0      0         0         0.000000e+00 
95   768       0         116       124       848       932       0.0      1669      6         5206      52.0     0.0      1         149100    256       0.0      1         150352    32        0.0      0         0         0.000000e+00 
96   766       0         116       124       848       932       0.0      1673      6         5215      52.0     0.0      1         154096    256       0.0      1         155628    32        0.0      0         0         0.000000e+00 
97   768       0         116       124       848       932       0.0      1669      6         5206      52.0     0.0      1         149860    256       0.0      1         151184    32        0.0      0         0         0.000000e+00 
98   768       0         116       124       848       932       0.0      1669      6         5206      52.0     0.0      1         149776    256       0.0      1         151100    32        0.0      0         0         0.000000e+00 
99   768       0         116       124       848       932       0.0      1669      6         5206      52.0     0.0      1         150304    256       0.0      1         151628    32        0.0      0         0         0.000000e+00 
100  766       0         116       124       848       932       0.0      1673      6         5215      52.0     0.0      1         156132    256       0.0      1         157736    32        0.0      0         0         0.000000e+00 
101  768       0         116       124       848       932       0.0      1669      6         5206      52.0     0.0      1         149552    256       0.0      1         150876    32        0.0      0         0         0.000000e+00 
102  768       0         116       124       848       932       0.0      1669      6         5206      52.0     0.0      1         149568    256       0.0      1         150892    32        0.0      0         0         0.000000e+00 
103  768       0         116       124       848       932       0.0      1669      6         5206      52.0     0.0      1         149556    256       0.0      1         150880    32        0.0      0         0         0.000000e+00 
104  766       0         116       124       848       932       0.0      1673      6         5215      52.0     0.0      1         154752    256       0.0      1         156356    32        0.0      0         0         0.000000e+00 
105  768       0         116       124       848       932       0.0      1669      6         5206      52.0     0.0      1         149552    256       0.0      1         150876    32        0.0      0         0         0.000000e+00 
106  768       0         116       124       848       932       0.0      1669      6         5206      52.0     0.0      1         149540    256       0.0      1         150864    32        0.0      0         0         0.000000e+00 
107  768       0         116       124       848       932       0.0      1669      6         5206      52.0     0.0      1         149592    256       0.0      1         150916    32        0.0      0         0         0.000000e+00 
108  766       0         116       124       848       932       0.0      1673      6         5215      52.0     0.0      1         154620    256       0.0      1         156224    32        0.0      0         0         0.000000e+00 
109  768       0         116       124       848       932       0.0      1669      6         5206      52.0     0.0      1         149652    256       0.0      1         150976    32        0.0      0         0         0.000000e+00 
110  768       0         116       124       848       932       0.0      1669      6         5206      52.0     0.0      1         149656    256       0.0      1         150980    32        0.0      0         0         0.000000e+00 
111  768       0         116       124       848       932       0.0      1669      6         5206      52.0     0.0      1         149636    256       0.0      1         150960    32        0.0      0         0         0.000000e+00 
112  766       0         116       124       848       932       0.0      1673      6         5215      52.0     0.0      1         154888    256       0.0      1         156492    32        0.0      0         0         0.000000e+00 
113  768       0         116       124       848       932       0.0      1669      6         5206      52.0     0.0      1         152004    256       0.0      1         153328    32        0.0      0         0         0.000000e+00 
114  768       0         116       124       848       932       0.0      1669      6         5206      52.0     0.0      1         150208    256       0.0      1         151532    32        0.0      0         0         0.000000e+00 
115  768       0         116       124       848       932       0.0      1669      6         5206      52.0     0.0      1         152220    256       0.0      1         153544    32        0.0      0         0         0.000000e+00 
116  766       0         116       124       848       932       0.0      1673      6         5215      52.0     0.0      1         156308    256       0.0      1         157912    32        0.0      0         0         0.000000e+00 
117  768       0         116       124       848       932       0.0      1669      6         5206      52.0     0.0      1         149568    256       0.0      1         150892    32        0.0      0         0         0.000000e+00 
118  768       0         116       124       848       932       0.0      1669      6         5206      52.0     0.0      1         149548    256       0.0      1         150872    32        0.0      0         0         0.000000e+00 
119  768       0         116       124       848       932       0.0      1669      6         5206      52.0     0.0      1         149664    256       0.0      1         150988    32        0.0      0         0         0.000000e+00 
120  766       0         116       124       848       932       0.0      1673      6         5215      52.0     0.0      1         154868    256       0.0      1         156472    32        0.0      0         0         0.000000e+00 
121  768       0         116       124       848       932       0.0      1669      6         5206      52.0     0.0      1         149728    256       0.0      1         151052    32        0.0      0         0         0.000000e+00 
122  768       0         116       124       848       932       0.0      1669      6         5206      52.0     0.0      1         149660    256       0.0      1         150984    32        0.0      0         0         0.000000e+00 
123  768       0         116       124       848       932       0.0      1669      6         5206      52.0     0.0      1         149700    256       0.0      1         151024    32        0.0      0         0         0.000000e+00 
124  766       0         116       124       848       932       0.0      1673      6         5215      52.0     0.0      1         154844    256       0.0      1         156448    32        0.0      0         0         0.000000e+00 
125  768       0         116       124       848       932       0.0      1669      6         5206      52.0     0.0      1         149676    256       0.0      1         151000    32        0.0      0         0         0.000000e+00 
126  768       0         116       124       848       932       0.0      1669      6         5206      52.0     0.0      1         149692    256       0.0      1         151016    32        0.0      0         0         0.000000e+00 
127  768       0         116       124       848       932       0.0      1669      6         5206      52.0     0.0      1         149788    256       0.0      1         151112    32        0.0      0         0         0.000000e+00 
# cumulative - all active cores
69   4831208   0         727590    797849    4446965   3944913   2.3      10098084  414       31240867  3583.7   46.8     70        72230976  17664     0.7      70        75159328  2208      5.7      4         164939596 3.996490e+00 
# average per core = cumulative/69
69   70017.51  0.00      10544.78  11563.03  64448.77  57172.65  0.0      146349.05 6.00      452766.19 51.9     0.7      1.01      1046825.75 256.00    0.0      1.01      1089265.62 32.00     0.1      0.06      2390429.00 5.792014e-02 
## descriptions:
# P: core ID / number of active cores
# iops: number of instructions executed
# flops: number of floating-point instructions issued
# lds: number of load instructions executed
# sts: number of store instructions executed
# ibytes: number of bytes loaded from L1 cache into core
# obytes: number of bytes stored into L1 cache from core
# regf_act: register file async port activity (= 100. * ncycles_asyncport_busy / ncorecycles_total)
# plbusy: number of corecycles the pipeline was active
# plstgs: number of pipeline stages
# plstgrun: cumulative number of corecycles active in all pipeline stages
# pl%busy: pipeline efficiency while active (= 100. * plstgrun / plstgs / plbusy)
# pl%eff: pipeline efficiency total (= 100. * iops / ncorecycles_total)
# ttmax: maximum of thread entries simulatenously allocated
# ttotal: cumulative number of thread entries busy (over mastertime)
# ttsize: thread table size
# tt%occ: thread table occupancy (= 100. * ttotal / ttsize / nmastercycles_total)
# ttmax: maximum of family entries simulatenously allocated
# ftotal: cumulative number of family entries busy (over mastertime)
# ftsize: family table size
# ft%occ: family table occupancy (= 100. * ftotal / ftsize / nmastercycles_total)
# xqmax: high water mark of the exclusive allocate queue size
# xqtot: cumulative exclusive allocate queue size (over mastertime)
# xqavg: average size of the exclusive allocate queue (= xqtot / nmastercycles_total)
## memory statistics:
116443	# number of load reqs. by the L1 cache from L2
7452352	# number of bytes loaded by the L1 cache from L2
863840	# number of store reqs. by the L1 cache to L2
20406411	# number of bytes stored by the L1 cache to L2
9680	# number of cache lines read from the ext. mem. interface
6429	# number of cache lines written to the ext. mem. interface
### end end-of-simulation statistics
