* input data: env at 0x43000000, 3830 bytes. [+29367]
* strings at 0x80000010, environ[63] at 0x80000f10. [+30417]
* heap at 0x80000000, 10737418240 bytes. [+351]
* input data: fibre at 0x80001140, 32 bytes. [+1479]
* input data: slr vars at 0x80001118, 16 bytes. [+866]
* connected to I/O, 16 devices, 8 notification channels. [+767]
* smc at 0x4e000000, enumerates 15 devices. [+513]
* I/O enumeration data at 0x10000000. [+1282]
* uart at 0x44000000. [+1217]
* rpc interface at 0x45000000. [+608]
* lcd at 0x46000000, size 80x25. [+453]
* lcd at 0x47000000, size 16x2. [+369]
* rtc at 0x48000000. [+306]
* gfxctl at 0x49000000, framebuffer at 0x4a000000. [+613]
* argument ROM at 0x4c000000. [+815]
* configuration ROM at 0x4d000000. [+527]
* input data: arguments at 0x80001168, argv[2] at 0x800011a8, 52 bytes. [+2977]
* reading configuration...
  - core frequency: 1000MHz.
  - 256 thread and 32 family entries per core.
  - system version: 3.2.61-d2aa8.
  - master frequency: 4000MHz.
  done. [+244807]
* SEP init: setting up for 128 cores...  done. [+2685]
* allocating places for the C stdlib... success: stdio at 0x103, malloc at 0x105, dtoa at 0x107 [+2658]
* -n 1 -> request to SEP... success, t_main goes to pid=0x109 [+7703]
* init compiled with slc 3.7b.40-c437a2.

Microgrid says:  h e l l o  w o r l d !

init done, program will start now; core cycles so far: 348997
Program from config ./cfg/printy.cfg
Warning verbosity set to quite high
Loading ../loadable/printy_arg_shared
File opened
File read
Closing file
base_file: 0x0
base_used: 0x8000000000000
Trying to load program: 0x801011d8 size 0x10cb4 @ 0x8000000000000
load : 1_0: size 0x338,0x338 @ 0x8000000000000 with 1
Loader 0x338 bytes loaded at 0x8000000000000, of which 0x0 void
load : 1_1: size 0x390,0x390 @ 0x8000001000000 with 5
Loader 0x390 bytes loaded at 0x8000001000000, of which 0x0 void
load : 1_2: size 0x8158,0x158 @ 0x8000001010390 with 7
Loader 0x158 bytes loaded at 0x8000001010390, of which 0x8000 void
Loaded microthreaded ELF binary with virtual base 0x8000000000000 entry point 0x80000010002c4
Got 17 sections of size 64 each Expecting size 64
Stringtable in section 14

Section   #(    Type):            Name, Type#          Flags,          Addr,           Off,          Size,   Link,  Info,          Align,       Entsize
Section   0(NULLTYPE):                ,     0,              0,             0,             0,             0,      0,     0,              0,             0
Section   1(Progbits):           .text,     1,              6,      16777216,         65536,           768,      0,     0,             64,             0
Section   2(    Hash):           .hash,     5,              2,           400,           400,           136,      3,     0,              8,             8
Section   3(  Dynsym):         .dynsym,    11,              2,           536,           536,           192,      4,     1,              8,            24
Setting (Dyn)symbol pointer
Sym   0:                (0)               0x0 of size     0,   0< 0, 0>   0,        0
Envroom: __loader_room_env@0x10144e8<0x4000>--> 0x80000010144e8
Sym   1: __loader_room_env(26)         0x10144e8 of size 16384,  17< 1, 1>   0,       12
Argroom: __loader_room_argv@0x10104e8<0x4000>--> 0x80000010104e8
Sym   2: __loader_room_argv(7)         0x10104e8 of size 16384,  17< 1, 1>   0,       12
Sym   3:          _start(56)         0x10002c4 of size    44,  18< 1, 2> 136,        1
Sym   4:     __bss_start(51)         0x10104e8 of size     0,  16< 1, 0>   0,    65521
Sym   5:          _edata(44)         0x10104e8 of size     0,  16< 1, 0>   0,    65521
Sym   6:            _end(63)         0x10184e8 of size     0,  16< 1, 0>   0,    65521
Sym   7:           lmain(1)         0x1000004 of size   644,  18< 1, 2> 136,        1
Section   4(  Strtab):         .dynstr,     3,              2,           728,           728,            68,      0,     0,              1,             0
Section   5(    Rela):       .rela.plt,     4,              2,           800,           800,            24,      3,    10,              8,            24
Found RELA section
Section   6(Progbits):         .rodata,     1,             50,      16777984,         66304,            40,      0,     0,              1,             1
Section   7(Progbits):   .eh_frame_hdr,     1,              2,      16778024,         66344,            28,      0,     0,              4,             0
Section   8(Progbits):       .eh_frame,     1,              2,      16778056,         66376,            72,      0,     0,              8,             0
Section   9( Dynamic):        .dynamic,     6,              3,      16843664,         66448,           288,      4,     0,              8,            16
Section  10(Progbits):            .plt,     1,              7,      16843952,         66736,            44,      0,     0,             16,             0
Section  11(Progbits):            .got,     1,              3,      16844000,         66784,             8,      0,     0,              8,             0
Section  12(  Nobits):            .bss,     8,              3,      16844008,         66792,         32768,      0,     0,              1,             0
Section  13(Progbits):        .comment,     1,              0,             0,         66792,            72,      0,     0,              1,             0
Section  14(  Strtab):       .shstrtab,     3,              0,             0,         66864,           125,      0,     0,              1,             0
Section  15(  Symtab):         .symtab,     2,              0,             0,         68080,           576,     16,    17,              8,            24
Sym   0:                (0)               0x0 of size     0,   0< 0, 0>   0,        0
Sym   1:                (0)         0x1000000 of size     0,   3< 0, 3>   0,        1
Sym   2:                (0)             0x190 of size     0,   3< 0, 3>   0,        2
Sym   3:                (0)             0x218 of size     0,   3< 0, 3>   0,        3
Sym   4:                (0)             0x2d8 of size     0,   3< 0, 3>   0,        4
Sym   5:                (0)             0x320 of size     0,   3< 0, 3>   0,        5
Sym   6:                (0)         0x1000300 of size     0,   3< 0, 3>   0,        6
Sym   7:                (0)         0x1000328 of size     0,   3< 0, 3>   0,        7
Sym   8:                (0)         0x1000348 of size     0,   3< 0, 3>   0,        8
Sym   9:                (0)         0x1010390 of size     0,   3< 0, 3>   0,        9
Sym  10:                (0)         0x10104b0 of size     0,   3< 0, 3>   0,       10
Sym  11:                (0)         0x10104e0 of size     0,   3< 0, 3>   0,       11
Sym  12:                (0)         0x10104e8 of size     0,   3< 0, 3>   0,       12
Sym  13:                (0)               0x0 of size     0,   3< 0, 3>   0,       13
Sym  14:        _DYNAMIC(1)         0x1010390 of size     0,   1< 0, 1>   2,    65521
Sym  15: _PROCEDURE_LINKAGE_TABLE_(10)         0x10104b0 of size     0,   1< 0, 1>   2,    65521
Sym  16: _GLOBAL_OFFSET_TABLE_(36)         0x10104e0 of size     0,   1< 0, 1>   2,    65521
Envroom: __loader_room_env@0x10144e8<0x4000>--> 0x80000010144e8
Sym  17: __loader_room_env(58)         0x10144e8 of size 16384,  17< 1, 1>   0,       12
Argroom: __loader_room_argv@0x10104e8<0x4000>--> 0x80000010104e8
Sym  18: __loader_room_argv(76)         0x10104e8 of size 16384,  17< 1, 1>   0,       12
Sym  19:          _start(95)         0x10002c4 of size    44,  18< 1, 2> 136,        1
Sym  20:     __bss_start(102)         0x10104e8 of size     0,  16< 1, 0>   0,    65521
Sym  21:          _edata(114)         0x10104e8 of size     0,  16< 1, 0>   0,    65521
Sym  22:            _end(121)         0x10184e8 of size     0,  16< 1, 0>   0,    65521
Sym  23:           lmain(126)         0x1000004 of size   644,  18< 1, 2> 136,        1
Section  16(  Strtab):         .strtab,     3,              0,             0,         68656,           132,      0,     0,              1,             0
Rela:: 0x10104e0, (+0x0), 0x70000001a: 26, 7
Changing Jmpslot 'lmain' Size 644: 0x10104d0 <a:0x0 Symv:0x1000004> @0x10104d0 to 0x8000001000004
Argroom needed 401, 16384 available
Envroom needed 21, 16384 available
Spawning program from 0x801011d8 of size 0x10cb4 with flags 4
To cores: 1 @ 0
Printy::
Argc:5
>'../loadable/printy_arg_shared'=

>'argv1aaaaaaaaaaaaaaargv1rgv1rgv1rgv1rgv1rgv1rgv1rgv1rgv1rgv1rgv1rgv1rgv1rgv1rgv1'=

>'rgv1aaaaaaaaaaaaaaargv1rgv1rgv1rgv1rgv1rgv1rgv1rgv1rgv1rgv1rgv1rgv1rgv1rgv1rgv1Returning from Loader main
'=

>'argv1aaaaaaaaaaaaaaargv1rgv1rgv1rgv1rgv1rgv1rgv1rgv1rgv1rgv1rgv1rgv1rgv1rgv1rgv1'=

>'argv1aaaaaaaaaaaaaaargv1rgv1rgv1rgv1rgv1rgv1rgv1rgv1rgv1rgv1rgv1rgv1rgv1rgv1rgv1'=


Env

entry: a=b

entry: a=b

entry: a=b

entry: a=b

entry: a=b
10182
Program with main@0x80000010002c4 terminated with 0

<Clocks>1,0,1,598427,992749,1003651,1008515</Clocks>
### begin end-of-simulation statistics
6467916	# master cycle counter
1616979	# core cycle counter
594720	# total executed instructions
0	# total issued fp instructions
## core statistics:
# P  iops      flops     lds       sts       ibytes    obytes    regf_act plbusy    plstgs    plstgrun  pl%busy  pl%eff   ttmax     ttotal    ttsize    tt%occ   ftmax     ftotal    ftsize    ft%occ   xqmax     xqtot     xqavg        
# per-core values
0    254576    0         44750     49030     256053    287596    1.4      600139    6         1757865   48.8     15.7     3         6747128   256       0.4      3         6815288   32        3.3      1         2405596   3.719275e-01 
1    308980    0         49484     29726     274045    161450    0.0      633632    6         1992483   52.4     19.1     1         3079588   256       0.2      1         3094440   32        1.5      1         6429524   9.940642e-01 
2    31121     0         7678      36        7964      288       0.0      84945     6         210528    41.3     1.9      1         380244    256       0.0      1         395648    32        0.2      1         6463384   9.992993e-01 
3    43        0         5         8         28        40        0.0      107       6         304       47.4     0.0      1         1664      256       0.0      1         3412      32        0.0      1         6467500   9.999357e-01 
# cumulative - all active cores
4    594720    0         101917    78800     538090    449374    1.4      1318823   24        3961180   189.9    36.8     6         10208624  1024      0.6      6         10308788  128       5.0      4         21766004  3.365227e+00 
# average per core = cumulative/4
4    148680.00 0.00      25479.25  19700.00  134522.50 112343.50 0.4      329705.75 6.00      990295.00 47.5     9.2      1.50      2552156.00 256.00    0.2      1.50      2577197.00 32.00     1.2      1.00      5441501.00 8.413067e-01 
## descriptions:
# P: core ID / number of active cores
# iops: number of instructions executed
# flops: number of floating-point instructions issued
# lds: number of load instructions executed
# sts: number of store instructions executed
# ibytes: number of bytes loaded from L1 cache into core
# obytes: number of bytes stored into L1 cache from core
# regf_act: register file async port activity (= 100. * ncycles_asyncport_busy / ncorecycles_total)
# plbusy: number of corecycles the pipeline was active
# plstgs: number of pipeline stages
# plstgrun: cumulative number of corecycles active in all pipeline stages
# pl%busy: pipeline efficiency while active (= 100. * plstgrun / plstgs / plbusy)
# pl%eff: pipeline efficiency total (= 100. * iops / ncorecycles_total)
# ttmax: maximum of thread entries simulatenously allocated
# ttotal: cumulative number of thread entries busy (over mastertime)
# ttsize: thread table size
# tt%occ: thread table occupancy (= 100. * ttotal / ttsize / nmastercycles_total)
# ttmax: maximum of family entries simulatenously allocated
# ftotal: cumulative number of family entries busy (over mastertime)
# ftsize: family table size
# ft%occ: family table occupancy (= 100. * ftotal / ftsize / nmastercycles_total)
# xqmax: high water mark of the exclusive allocate queue size
# xqtot: cumulative exclusive allocate queue size (over mastertime)
# xqavg: average size of the exclusive allocate queue (= xqtot / nmastercycles_total)
## memory statistics:
25139	# number of load reqs. by the L1 cache from L2
1608896	# number of bytes loaded by the L1 cache from L2
75397	# number of store reqs. by the L1 cache to L2
633475	# number of bytes stored by the L1 cache to L2
7020	# number of cache lines read from the ext. mem. interface
4840	# number of cache lines written to the ext. mem. interface
### end end-of-simulation statistics
